{"C:\\Users\\MIGUEL ALEJANDRO\\Desktop\\Entrega 5\\BackEnd\\config\\keys.js": {"path":"C:\\Users\\MIGUEL ALEJANDRO\\Desktop\\Entrega 5\\BackEnd\\config\\keys.js","statementMap":{"0":{"start":{"line":1,"column":0},"end":{"line":3,"column":1}}},"fnMap":{},"branchMap":{},"s":{"0":1},"f":{},"b":{},"_coverageSchema":"1a1c01bbd47fc00a2c39e90264f33305004495a9","hash":"7b7ab72104cfbd49adfcd7b6431fc37ce55c3cab"}
,"C:\\Users\\MIGUEL ALEJANDRO\\Desktop\\Entrega 5\\BackEnd\\models\\bank.js": {"path":"C:\\Users\\MIGUEL ALEJANDRO\\Desktop\\Entrega 5\\BackEnd\\models\\bank.js","statementMap":{"0":{"start":{"line":2,"column":0},"end":{"line":39,"column":1}},"1":{"start":{"line":3,"column":17},"end":{"line":34,"column":6}},"2":{"start":{"line":35,"column":4},"end":{"line":37,"column":6}},"3":{"start":{"line":36,"column":8},"end":{"line":36,"column":86}},"4":{"start":{"line":38,"column":4},"end":{"line":38,"column":16}}},"fnMap":{"0":{"name":"(anonymous_0)","decl":{"start":{"line":2,"column":17},"end":{"line":2,"column":18}},"loc":{"start":{"line":2,"column":43},"end":{"line":39,"column":1}},"line":2},"1":{"name":"(anonymous_1)","decl":{"start":{"line":35,"column":21},"end":{"line":35,"column":22}},"loc":{"start":{"line":35,"column":39},"end":{"line":37,"column":5}},"line":35}},"branchMap":{},"s":{"0":1,"1":1,"2":1,"3":1,"4":1},"f":{"0":1,"1":1},"b":{},"_coverageSchema":"1a1c01bbd47fc00a2c39e90264f33305004495a9","hash":"b474758c0d32e1ca4c5a67817be4eb4ad7ecfdbf"}
,"C:\\Users\\MIGUEL ALEJANDRO\\Desktop\\Entrega 5\\BackEnd\\models\\enterprise.js": {"path":"C:\\Users\\MIGUEL ALEJANDRO\\Desktop\\Entrega 5\\BackEnd\\models\\enterprise.js","statementMap":{"0":{"start":{"line":2,"column":0},"end":{"line":52,"column":1}},"1":{"start":{"line":3,"column":23},"end":{"line":47,"column":6}},"2":{"start":{"line":48,"column":4},"end":{"line":50,"column":6}},"3":{"start":{"line":49,"column":8},"end":{"line":49,"column":83}},"4":{"start":{"line":51,"column":4},"end":{"line":51,"column":22}}},"fnMap":{"0":{"name":"(anonymous_0)","decl":{"start":{"line":2,"column":17},"end":{"line":2,"column":18}},"loc":{"start":{"line":2,"column":43},"end":{"line":52,"column":1}},"line":2},"1":{"name":"(anonymous_1)","decl":{"start":{"line":48,"column":27},"end":{"line":48,"column":28}},"loc":{"start":{"line":48,"column":45},"end":{"line":50,"column":5}},"line":48}},"branchMap":{},"s":{"0":1,"1":1,"2":1,"3":1,"4":1},"f":{"0":1,"1":1},"b":{},"_coverageSchema":"1a1c01bbd47fc00a2c39e90264f33305004495a9","hash":"baf2edf5fcd9c561cdf02ae719c65fb8a8cebf60"}
,"C:\\Users\\MIGUEL ALEJANDRO\\Desktop\\Entrega 5\\BackEnd\\models\\index.js": {"path":"C:\\Users\\MIGUEL ALEJANDRO\\Desktop\\Entrega 5\\BackEnd\\models\\index.js","statementMap":{"0":{"start":{"line":3,"column":11},"end":{"line":3,"column":24}},"1":{"start":{"line":4,"column":13},"end":{"line":4,"column":28}},"2":{"start":{"line":5,"column":18},"end":{"line":5,"column":38}},"3":{"start":{"line":6,"column":17},"end":{"line":6,"column":42}},"4":{"start":{"line":7,"column":12},"end":{"line":7,"column":49}},"5":{"start":{"line":8,"column":15},"end":{"line":8,"column":65}},"6":{"start":{"line":9,"column":11},"end":{"line":9,"column":13}},"7":{"start":{"line":12,"column":0},"end":{"line":16,"column":1}},"8":{"start":{"line":13,"column":2},"end":{"line":13,"column":74}},"9":{"start":{"line":15,"column":2},"end":{"line":15,"column":87}},"10":{"start":{"line":18,"column":0},"end":{"line":26,"column":5}},"11":{"start":{"line":21,"column":4},"end":{"line":21,"column":90}},"12":{"start":{"line":24,"column":18},"end":{"line":24,"column":65}},"13":{"start":{"line":25,"column":4},"end":{"line":25,"column":27}},"14":{"start":{"line":28,"column":0},"end":{"line":32,"column":3}},"15":{"start":{"line":29,"column":2},"end":{"line":31,"column":3}},"16":{"start":{"line":30,"column":4},"end":{"line":30,"column":32}},"17":{"start":{"line":34,"column":0},"end":{"line":34,"column":25}},"18":{"start":{"line":35,"column":0},"end":{"line":35,"column":25}},"19":{"start":{"line":37,"column":0},"end":{"line":37,"column":20}}},"fnMap":{"0":{"name":"(anonymous_0)","decl":{"start":{"line":20,"column":10},"end":{"line":20,"column":11}},"loc":{"start":{"line":20,"column":18},"end":{"line":22,"column":3}},"line":20},"1":{"name":"(anonymous_1)","decl":{"start":{"line":23,"column":11},"end":{"line":23,"column":12}},"loc":{"start":{"line":23,"column":19},"end":{"line":26,"column":3}},"line":23},"2":{"name":"(anonymous_2)","decl":{"start":{"line":28,"column":24},"end":{"line":28,"column":25}},"loc":{"start":{"line":28,"column":37},"end":{"line":32,"column":1}},"line":28}},"branchMap":{"0":{"loc":{"start":{"line":7,"column":12},"end":{"line":7,"column":49}},"type":"binary-expr","locations":[{"start":{"line":7,"column":12},"end":{"line":7,"column":32}},{"start":{"line":7,"column":36},"end":{"line":7,"column":49}}],"line":7},"1":{"loc":{"start":{"line":12,"column":0},"end":{"line":16,"column":1}},"type":"if","locations":[{"start":{"line":12,"column":0},"end":{"line":16,"column":1}},{"start":{"line":12,"column":0},"end":{"line":16,"column":1}}],"line":12},"2":{"loc":{"start":{"line":21,"column":11},"end":{"line":21,"column":89}},"type":"binary-expr","locations":[{"start":{"line":21,"column":12},"end":{"line":21,"column":35}},{"start":{"line":21,"column":41},"end":{"line":21,"column":58}},{"start":{"line":21,"column":64},"end":{"line":21,"column":88}}],"line":21},"3":{"loc":{"start":{"line":29,"column":2},"end":{"line":31,"column":3}},"type":"if","locations":[{"start":{"line":29,"column":2},"end":{"line":31,"column":3}},{"start":{"line":29,"column":2},"end":{"line":31,"column":3}}],"line":29}},"s":{"0":1,"1":1,"2":1,"3":1,"4":1,"5":1,"6":1,"7":1,"8":0,"9":1,"10":1,"11":8,"12":7,"13":7,"14":1,"15":7,"16":7,"17":1,"18":1,"19":1},"f":{"0":8,"1":7,"2":7},"b":{"0":[1,0],"1":[0,1],"2":[8,8,7],"3":[7,0]},"_coverageSchema":"1a1c01bbd47fc00a2c39e90264f33305004495a9","hash":"65ca3968f0213b0d8d2f670a718b760e3638f9c8"}
,"C:\\Users\\MIGUEL ALEJANDRO\\Desktop\\Entrega 5\\BackEnd\\models\\movement.js": {"path":"C:\\Users\\MIGUEL ALEJANDRO\\Desktop\\Entrega 5\\BackEnd\\models\\movement.js","statementMap":{"0":{"start":{"line":2,"column":0},"end":{"line":45,"column":1}},"1":{"start":{"line":3,"column":17},"end":{"line":38,"column":2}},"2":{"start":{"line":39,"column":4},"end":{"line":43,"column":6}},"3":{"start":{"line":40,"column":8},"end":{"line":40,"column":98}},"4":{"start":{"line":41,"column":8},"end":{"line":41,"column":104}},"5":{"start":{"line":42,"column":8},"end":{"line":42,"column":86}},"6":{"start":{"line":44,"column":4},"end":{"line":44,"column":20}}},"fnMap":{"0":{"name":"(anonymous_0)","decl":{"start":{"line":2,"column":17},"end":{"line":2,"column":18}},"loc":{"start":{"line":2,"column":42},"end":{"line":45,"column":1}},"line":2},"1":{"name":"(anonymous_1)","decl":{"start":{"line":39,"column":25},"end":{"line":39,"column":26}},"loc":{"start":{"line":39,"column":42},"end":{"line":43,"column":5}},"line":39}},"branchMap":{},"s":{"0":1,"1":1,"2":1,"3":1,"4":1,"5":1,"6":1},"f":{"0":1,"1":1},"b":{},"_coverageSchema":"1a1c01bbd47fc00a2c39e90264f33305004495a9","hash":"7d8e76f34fd82068605efbd2940aca4e44a0a925"}
,"C:\\Users\\MIGUEL ALEJANDRO\\Desktop\\Entrega 5\\BackEnd\\models\\transfer.js": {"path":"C:\\Users\\MIGUEL ALEJANDRO\\Desktop\\Entrega 5\\BackEnd\\models\\transfer.js","statementMap":{"0":{"start":{"line":2,"column":0},"end":{"line":40,"column":1}},"1":{"start":{"line":3,"column":21},"end":{"line":34,"column":6}},"2":{"start":{"line":35,"column":4},"end":{"line":38,"column":6}},"3":{"start":{"line":36,"column":8},"end":{"line":36,"column":84}},"4":{"start":{"line":37,"column":8},"end":{"line":37,"column":88}},"5":{"start":{"line":39,"column":4},"end":{"line":39,"column":20}}},"fnMap":{"0":{"name":"(anonymous_0)","decl":{"start":{"line":2,"column":17},"end":{"line":2,"column":18}},"loc":{"start":{"line":2,"column":43},"end":{"line":40,"column":1}},"line":2},"1":{"name":"(anonymous_1)","decl":{"start":{"line":35,"column":25},"end":{"line":35,"column":26}},"loc":{"start":{"line":35,"column":43},"end":{"line":38,"column":5}},"line":35}},"branchMap":{},"s":{"0":1,"1":1,"2":1,"3":1,"4":1,"5":1},"f":{"0":1,"1":1},"b":{},"_coverageSchema":"1a1c01bbd47fc00a2c39e90264f33305004495a9","hash":"333d38d7c55b36941fee3833bdaa0b629781a417"}
,"C:\\Users\\MIGUEL ALEJANDRO\\Desktop\\Entrega 5\\BackEnd\\models\\user.js": {"path":"C:\\Users\\MIGUEL ALEJANDRO\\Desktop\\Entrega 5\\BackEnd\\models\\user.js","statementMap":{"0":{"start":{"line":2,"column":0},"end":{"line":39,"column":1}},"1":{"start":{"line":3,"column":13},"end":{"line":34,"column":2}},"2":{"start":{"line":35,"column":4},"end":{"line":37,"column":6}},"3":{"start":{"line":36,"column":8},"end":{"line":36,"column":77}},"4":{"start":{"line":38,"column":4},"end":{"line":38,"column":16}}},"fnMap":{"0":{"name":"(anonymous_0)","decl":{"start":{"line":2,"column":17},"end":{"line":2,"column":18}},"loc":{"start":{"line":2,"column":42},"end":{"line":39,"column":1}},"line":2},"1":{"name":"(anonymous_1)","decl":{"start":{"line":35,"column":21},"end":{"line":35,"column":22}},"loc":{"start":{"line":35,"column":38},"end":{"line":37,"column":5}},"line":35}},"branchMap":{},"s":{"0":1,"1":1,"2":1,"3":1,"4":1},"f":{"0":1,"1":1},"b":{},"_coverageSchema":"1a1c01bbd47fc00a2c39e90264f33305004495a9","hash":"7ac9e8210859a3a895d2f8657489677897add7a8"}
,"C:\\Users\\MIGUEL ALEJANDRO\\Desktop\\Entrega 5\\BackEnd\\models\\wallet.js": {"path":"C:\\Users\\MIGUEL ALEJANDRO\\Desktop\\Entrega 5\\BackEnd\\models\\wallet.js","statementMap":{"0":{"start":{"line":2,"column":0},"end":{"line":50,"column":1}},"1":{"start":{"line":3,"column":15},"end":{"line":40,"column":2}},"2":{"start":{"line":41,"column":4},"end":{"line":48,"column":6}},"3":{"start":{"line":42,"column":8},"end":{"line":42,"column":79}},"4":{"start":{"line":43,"column":8},"end":{"line":43,"column":89}},"5":{"start":{"line":44,"column":8},"end":{"line":44,"column":85}},"6":{"start":{"line":45,"column":8},"end":{"line":45,"column":96}},"7":{"start":{"line":46,"column":8},"end":{"line":46,"column":102}},"8":{"start":{"line":49,"column":4},"end":{"line":49,"column":18}}},"fnMap":{"0":{"name":"(anonymous_0)","decl":{"start":{"line":2,"column":17},"end":{"line":2,"column":18}},"loc":{"start":{"line":2,"column":42},"end":{"line":50,"column":1}},"line":2},"1":{"name":"(anonymous_1)","decl":{"start":{"line":41,"column":23},"end":{"line":41,"column":24}},"loc":{"start":{"line":41,"column":40},"end":{"line":48,"column":5}},"line":41}},"branchMap":{},"s":{"0":1,"1":1,"2":1,"3":1,"4":1,"5":1,"6":1,"7":1,"8":1},"f":{"0":1,"1":1},"b":{},"_coverageSchema":"1a1c01bbd47fc00a2c39e90264f33305004495a9","hash":"8a79a60103e853c34d59f2f9ca12c8cb7624cc6a"}
,"C:\\Users\\MIGUEL ALEJANDRO\\Desktop\\Entrega 5\\BackEnd\\models\\wallettype.js": {"path":"C:\\Users\\MIGUEL ALEJANDRO\\Desktop\\Entrega 5\\BackEnd\\models\\wallettype.js","statementMap":{"0":{"start":{"line":2,"column":0},"end":{"line":34,"column":1}},"1":{"start":{"line":3,"column":19},"end":{"line":29,"column":2}},"2":{"start":{"line":30,"column":4},"end":{"line":32,"column":6}},"3":{"start":{"line":31,"column":8},"end":{"line":31,"column":87}},"4":{"start":{"line":33,"column":4},"end":{"line":33,"column":22}}},"fnMap":{"0":{"name":"(anonymous_0)","decl":{"start":{"line":2,"column":17},"end":{"line":2,"column":18}},"loc":{"start":{"line":2,"column":42},"end":{"line":34,"column":1}},"line":2},"1":{"name":"(anonymous_1)","decl":{"start":{"line":30,"column":27},"end":{"line":30,"column":28}},"loc":{"start":{"line":30,"column":44},"end":{"line":32,"column":5}},"line":30}},"branchMap":{},"s":{"0":1,"1":1,"2":1,"3":1,"4":1},"f":{"0":1,"1":1},"b":{},"_coverageSchema":"1a1c01bbd47fc00a2c39e90264f33305004495a9","hash":"53b3411c33c76d27b959f9efb0db8ff99f4cf090"}
,"C:\\Users\\MIGUEL ALEJANDRO\\Desktop\\Entrega 5\\BackEnd\\src\\index.js": {"path":"C:\\Users\\MIGUEL ALEJANDRO\\Desktop\\Entrega 5\\BackEnd\\src\\index.js","statementMap":{"0":{"start":{"line":2,"column":16},"end":{"line":2,"column":34}},"1":{"start":{"line":3,"column":12},"end":{"line":3,"column":21}},"2":{"start":{"line":4,"column":13},"end":{"line":4,"column":28}},"3":{"start":{"line":5,"column":15},"end":{"line":5,"column":32}},"4":{"start":{"line":6,"column":19},"end":{"line":6,"column":41}},"5":{"start":{"line":7,"column":13},"end":{"line":7,"column":28}},"6":{"start":{"line":8,"column":15},"end":{"line":8,"column":41}},"7":{"start":{"line":9,"column":20},"end":{"line":9,"column":45}},"8":{"start":{"line":10,"column":19},"end":{"line":10,"column":49}},"9":{"start":{"line":17,"column":0},"end":{"line":17,"column":41}},"10":{"start":{"line":18,"column":0},"end":{"line":18,"column":45}},"11":{"start":{"line":19,"column":0},"end":{"line":19,"column":30}},"12":{"start":{"line":22,"column":0},"end":{"line":22,"column":131}},"13":{"start":{"line":24,"column":0},"end":{"line":24,"column":53}},"14":{"start":{"line":26,"column":0},"end":{"line":26,"column":51}},"15":{"start":{"line":27,"column":0},"end":{"line":27,"column":27}},"16":{"start":{"line":31,"column":18},"end":{"line":34,"column":3}},"17":{"start":{"line":36,"column":0},"end":{"line":36,"column":27}},"18":{"start":{"line":44,"column":0},"end":{"line":44,"column":33}},"19":{"start":{"line":47,"column":19},"end":{"line":47,"column":43}},"20":{"start":{"line":48,"column":21},"end":{"line":48,"column":47}},"21":{"start":{"line":49,"column":23},"end":{"line":49,"column":51}},"22":{"start":{"line":50,"column":19},"end":{"line":50,"column":43}},"23":{"start":{"line":51,"column":23},"end":{"line":51,"column":51}},"24":{"start":{"line":52,"column":25},"end":{"line":52,"column":55}},"25":{"start":{"line":53,"column":19},"end":{"line":53,"column":49}},"26":{"start":{"line":54,"column":13},"end":{"line":54,"column":38}},"27":{"start":{"line":57,"column":0},"end":{"line":57,"column":29}},"28":{"start":{"line":58,"column":0},"end":{"line":58,"column":33}},"29":{"start":{"line":59,"column":0},"end":{"line":59,"column":37}},"30":{"start":{"line":60,"column":0},"end":{"line":60,"column":29}},"31":{"start":{"line":61,"column":0},"end":{"line":61,"column":37}},"32":{"start":{"line":62,"column":0},"end":{"line":62,"column":41}},"33":{"start":{"line":63,"column":0},"end":{"line":63,"column":36}},"34":{"start":{"line":66,"column":0},"end":{"line":68,"column":4}},"35":{"start":{"line":67,"column":4},"end":{"line":67,"column":32}},"36":{"start":{"line":72,"column":0},"end":{"line":77,"column":3}},"37":{"start":{"line":73,"column":4},"end":{"line":73,"column":41}},"38":{"start":{"line":74,"column":18},"end":{"line":74,"column":52}},"39":{"start":{"line":75,"column":4},"end":{"line":75,"column":23}},"40":{"start":{"line":76,"column":4},"end":{"line":76,"column":16}},"41":{"start":{"line":79,"column":0},"end":{"line":86,"column":3}},"42":{"start":{"line":80,"column":4},"end":{"line":80,"column":36}},"43":{"start":{"line":81,"column":4},"end":{"line":85,"column":7}},"44":{"start":{"line":88,"column":0},"end":{"line":88,"column":21}}},"fnMap":{"0":{"name":"(anonymous_0)","decl":{"start":{"line":66,"column":17},"end":{"line":66,"column":18}},"loc":{"start":{"line":66,"column":37},"end":{"line":68,"column":3}},"line":66},"1":{"name":"(anonymous_1)","decl":{"start":{"line":72,"column":8},"end":{"line":72,"column":9}},"loc":{"start":{"line":72,"column":28},"end":{"line":77,"column":1}},"line":72},"2":{"name":"(anonymous_2)","decl":{"start":{"line":79,"column":8},"end":{"line":79,"column":9}},"loc":{"start":{"line":79,"column":35},"end":{"line":86,"column":1}},"line":79}},"branchMap":{"0":{"loc":{"start":{"line":17,"column":16},"end":{"line":17,"column":40}},"type":"binary-expr","locations":[{"start":{"line":17,"column":16},"end":{"line":17,"column":32}},{"start":{"line":17,"column":36},"end":{"line":17,"column":40}}],"line":17},"1":{"loc":{"start":{"line":80,"column":15},"end":{"line":80,"column":34}},"type":"binary-expr","locations":[{"start":{"line":80,"column":15},"end":{"line":80,"column":27}},{"start":{"line":80,"column":31},"end":{"line":80,"column":34}}],"line":80}},"s":{"0":1,"1":1,"2":1,"3":1,"4":1,"5":1,"6":1,"7":1,"8":1,"9":1,"10":1,"11":1,"12":1,"13":1,"14":1,"15":1,"16":1,"17":1,"18":1,"19":1,"20":1,"21":1,"22":1,"23":1,"24":1,"25":1,"26":1,"27":1,"28":1,"29":1,"30":1,"31":1,"32":1,"33":1,"34":1,"35":0,"36":1,"37":1,"38":1,"39":1,"40":1,"41":1,"42":1,"43":1,"44":1},"f":{"0":0,"1":1,"2":1},"b":{"0":[1,1],"1":[1,0]},"_coverageSchema":"1a1c01bbd47fc00a2c39e90264f33305004495a9","hash":"8df46578e6aca0d1f7a84e594039d54874e62c21"}
,"C:\\Users\\MIGUEL ALEJANDRO\\Desktop\\Entrega 5\\BackEnd\\src\\controllers\\bank.js": {"path":"C:\\Users\\MIGUEL ALEJANDRO\\Desktop\\Entrega 5\\BackEnd\\src\\controllers\\bank.js","statementMap":{"0":{"start":{"line":1,"column":16},"end":{"line":1,"column":41}},"1":{"start":{"line":2,"column":13},"end":{"line":2,"column":28}},"2":{"start":{"line":3,"column":15},"end":{"line":3,"column":38}},"3":{"start":{"line":4,"column":20},"end":{"line":4,"column":62}},"4":{"start":{"line":6,"column":27},"end":{"line":6,"column":52}},"5":{"start":{"line":8,"column":19},"end":{"line":10,"column":1}},"6":{"start":{"line":9,"column":4},"end":{"line":9,"column":58}},"7":{"start":{"line":12,"column":20},"end":{"line":14,"column":1}},"8":{"start":{"line":13,"column":4},"end":{"line":13,"column":56}},"9":{"start":{"line":16,"column":19},"end":{"line":18,"column":1}},"10":{"start":{"line":17,"column":4},"end":{"line":17,"column":58}},"11":{"start":{"line":20,"column":19},"end":{"line":22,"column":1}},"12":{"start":{"line":21,"column":4},"end":{"line":21,"column":58}},"13":{"start":{"line":24,"column":0},"end":{"line":29,"column":1}}},"fnMap":{"0":{"name":"(anonymous_0)","decl":{"start":{"line":8,"column":19},"end":{"line":8,"column":20}},"loc":{"start":{"line":8,"column":39},"end":{"line":10,"column":1}},"line":8},"1":{"name":"(anonymous_1)","decl":{"start":{"line":12,"column":20},"end":{"line":12,"column":21}},"loc":{"start":{"line":12,"column":40},"end":{"line":14,"column":1}},"line":12},"2":{"name":"(anonymous_2)","decl":{"start":{"line":16,"column":19},"end":{"line":16,"column":20}},"loc":{"start":{"line":16,"column":39},"end":{"line":18,"column":1}},"line":16},"3":{"name":"(anonymous_3)","decl":{"start":{"line":20,"column":19},"end":{"line":20,"column":20}},"loc":{"start":{"line":20,"column":39},"end":{"line":22,"column":1}},"line":20}},"branchMap":{},"s":{"0":1,"1":1,"2":1,"3":1,"4":1,"5":1,"6":0,"7":1,"8":0,"9":1,"10":0,"11":1,"12":0,"13":1},"f":{"0":0,"1":0,"2":0,"3":0},"b":{},"_coverageSchema":"1a1c01bbd47fc00a2c39e90264f33305004495a9","hash":"63da109679a40a366931770149d28e00bc99101a"}
,"C:\\Users\\MIGUEL ALEJANDRO\\Desktop\\Entrega 5\\BackEnd\\src\\controllers\\enterprise.js": {"path":"C:\\Users\\MIGUEL ALEJANDRO\\Desktop\\Entrega 5\\BackEnd\\src\\controllers\\enterprise.js","statementMap":{"0":{"start":{"line":1,"column":16},"end":{"line":1,"column":41}},"1":{"start":{"line":2,"column":13},"end":{"line":2,"column":28}},"2":{"start":{"line":3,"column":15},"end":{"line":3,"column":38}},"3":{"start":{"line":4,"column":20},"end":{"line":4,"column":62}},"4":{"start":{"line":6,"column":27},"end":{"line":6,"column":52}},"5":{"start":{"line":8,"column":25},"end":{"line":10,"column":1}},"6":{"start":{"line":9,"column":4},"end":{"line":9,"column":64}},"7":{"start":{"line":12,"column":27},"end":{"line":14,"column":1}},"8":{"start":{"line":13,"column":4},"end":{"line":13,"column":68}},"9":{"start":{"line":16,"column":32},"end":{"line":18,"column":1}},"10":{"start":{"line":17,"column":4},"end":{"line":17,"column":71}},"11":{"start":{"line":20,"column":26},"end":{"line":22,"column":1}},"12":{"start":{"line":21,"column":4},"end":{"line":21,"column":62}},"13":{"start":{"line":24,"column":29},"end":{"line":26,"column":1}},"14":{"start":{"line":25,"column":4},"end":{"line":25,"column":62}},"15":{"start":{"line":28,"column":25},"end":{"line":30,"column":1}},"16":{"start":{"line":29,"column":4},"end":{"line":29,"column":64}},"17":{"start":{"line":32,"column":25},"end":{"line":34,"column":1}},"18":{"start":{"line":33,"column":4},"end":{"line":33,"column":64}},"19":{"start":{"line":36,"column":0},"end":{"line":44,"column":1}}},"fnMap":{"0":{"name":"(anonymous_0)","decl":{"start":{"line":8,"column":25},"end":{"line":8,"column":26}},"loc":{"start":{"line":8,"column":45},"end":{"line":10,"column":1}},"line":8},"1":{"name":"(anonymous_1)","decl":{"start":{"line":12,"column":27},"end":{"line":12,"column":28}},"loc":{"start":{"line":12,"column":47},"end":{"line":14,"column":1}},"line":12},"2":{"name":"(anonymous_2)","decl":{"start":{"line":16,"column":32},"end":{"line":16,"column":33}},"loc":{"start":{"line":16,"column":52},"end":{"line":18,"column":1}},"line":16},"3":{"name":"(anonymous_3)","decl":{"start":{"line":20,"column":26},"end":{"line":20,"column":27}},"loc":{"start":{"line":20,"column":46},"end":{"line":22,"column":1}},"line":20},"4":{"name":"(anonymous_4)","decl":{"start":{"line":24,"column":29},"end":{"line":24,"column":30}},"loc":{"start":{"line":24,"column":49},"end":{"line":26,"column":1}},"line":24},"5":{"name":"(anonymous_5)","decl":{"start":{"line":28,"column":25},"end":{"line":28,"column":26}},"loc":{"start":{"line":28,"column":45},"end":{"line":30,"column":1}},"line":28},"6":{"name":"(anonymous_6)","decl":{"start":{"line":32,"column":25},"end":{"line":32,"column":26}},"loc":{"start":{"line":32,"column":45},"end":{"line":34,"column":1}},"line":32}},"branchMap":{},"s":{"0":1,"1":1,"2":1,"3":1,"4":1,"5":1,"6":0,"7":1,"8":0,"9":1,"10":0,"11":1,"12":0,"13":1,"14":0,"15":1,"16":0,"17":1,"18":0,"19":1},"f":{"0":0,"1":0,"2":0,"3":0,"4":0,"5":0,"6":0},"b":{},"_coverageSchema":"1a1c01bbd47fc00a2c39e90264f33305004495a9","hash":"49490da425164c4c7eaf2a5648dec4b85fb6a798"}
,"C:\\Users\\MIGUEL ALEJANDRO\\Desktop\\Entrega 5\\BackEnd\\src\\controllers\\movement.js": {"path":"C:\\Users\\MIGUEL ALEJANDRO\\Desktop\\Entrega 5\\BackEnd\\src\\controllers\\movement.js","statementMap":{"0":{"start":{"line":1,"column":16},"end":{"line":1,"column":41}},"1":{"start":{"line":2,"column":13},"end":{"line":2,"column":28}},"2":{"start":{"line":3,"column":15},"end":{"line":3,"column":38}},"3":{"start":{"line":4,"column":20},"end":{"line":4,"column":62}},"4":{"start":{"line":6,"column":27},"end":{"line":6,"column":52}},"5":{"start":{"line":8,"column":23},"end":{"line":10,"column":1}},"6":{"start":{"line":9,"column":4},"end":{"line":9,"column":62}},"7":{"start":{"line":12,"column":24},"end":{"line":14,"column":1}},"8":{"start":{"line":13,"column":4},"end":{"line":13,"column":60}},"9":{"start":{"line":16,"column":34},"end":{"line":18,"column":1}},"10":{"start":{"line":17,"column":4},"end":{"line":17,"column":71}},"11":{"start":{"line":20,"column":30},"end":{"line":22,"column":1}},"12":{"start":{"line":21,"column":4},"end":{"line":21,"column":62}},"13":{"start":{"line":24,"column":34},"end":{"line":26,"column":1}},"14":{"start":{"line":25,"column":4},"end":{"line":25,"column":74}},"15":{"start":{"line":28,"column":0},"end":{"line":34,"column":1}}},"fnMap":{"0":{"name":"(anonymous_0)","decl":{"start":{"line":8,"column":23},"end":{"line":8,"column":24}},"loc":{"start":{"line":8,"column":43},"end":{"line":10,"column":1}},"line":8},"1":{"name":"(anonymous_1)","decl":{"start":{"line":12,"column":24},"end":{"line":12,"column":25}},"loc":{"start":{"line":12,"column":44},"end":{"line":14,"column":1}},"line":12},"2":{"name":"(anonymous_2)","decl":{"start":{"line":16,"column":34},"end":{"line":16,"column":35}},"loc":{"start":{"line":16,"column":54},"end":{"line":18,"column":1}},"line":16},"3":{"name":"(anonymous_3)","decl":{"start":{"line":20,"column":30},"end":{"line":20,"column":31}},"loc":{"start":{"line":20,"column":50},"end":{"line":22,"column":1}},"line":20},"4":{"name":"(anonymous_4)","decl":{"start":{"line":24,"column":34},"end":{"line":24,"column":35}},"loc":{"start":{"line":24,"column":54},"end":{"line":26,"column":1}},"line":24}},"branchMap":{},"s":{"0":1,"1":1,"2":1,"3":1,"4":1,"5":1,"6":0,"7":1,"8":0,"9":1,"10":0,"11":1,"12":0,"13":1,"14":0,"15":1},"f":{"0":0,"1":0,"2":0,"3":0,"4":0},"b":{},"_coverageSchema":"1a1c01bbd47fc00a2c39e90264f33305004495a9","hash":"3121fb894dbdf90deec4954cc3c9770f40cec376"}
,"C:\\Users\\MIGUEL ALEJANDRO\\Desktop\\Entrega 5\\BackEnd\\src\\controllers\\transfer.js": {"path":"C:\\Users\\MIGUEL ALEJANDRO\\Desktop\\Entrega 5\\BackEnd\\src\\controllers\\transfer.js","statementMap":{"0":{"start":{"line":1,"column":16},"end":{"line":1,"column":41}},"1":{"start":{"line":2,"column":13},"end":{"line":2,"column":28}},"2":{"start":{"line":3,"column":15},"end":{"line":3,"column":38}},"3":{"start":{"line":4,"column":20},"end":{"line":4,"column":62}},"4":{"start":{"line":6,"column":27},"end":{"line":6,"column":52}},"5":{"start":{"line":8,"column":23},"end":{"line":10,"column":1}},"6":{"start":{"line":9,"column":4},"end":{"line":9,"column":62}},"7":{"start":{"line":12,"column":24},"end":{"line":14,"column":1}},"8":{"start":{"line":13,"column":4},"end":{"line":13,"column":60}},"9":{"start":{"line":16,"column":23},"end":{"line":18,"column":1}},"10":{"start":{"line":17,"column":4},"end":{"line":17,"column":62}},"11":{"start":{"line":20,"column":23},"end":{"line":22,"column":1}},"12":{"start":{"line":21,"column":4},"end":{"line":21,"column":62}},"13":{"start":{"line":24,"column":0},"end":{"line":29,"column":1}}},"fnMap":{"0":{"name":"(anonymous_0)","decl":{"start":{"line":8,"column":23},"end":{"line":8,"column":24}},"loc":{"start":{"line":8,"column":43},"end":{"line":10,"column":1}},"line":8},"1":{"name":"(anonymous_1)","decl":{"start":{"line":12,"column":24},"end":{"line":12,"column":25}},"loc":{"start":{"line":12,"column":44},"end":{"line":14,"column":1}},"line":12},"2":{"name":"(anonymous_2)","decl":{"start":{"line":16,"column":23},"end":{"line":16,"column":24}},"loc":{"start":{"line":16,"column":43},"end":{"line":18,"column":1}},"line":16},"3":{"name":"(anonymous_3)","decl":{"start":{"line":20,"column":23},"end":{"line":20,"column":24}},"loc":{"start":{"line":20,"column":43},"end":{"line":22,"column":1}},"line":20}},"branchMap":{},"s":{"0":1,"1":1,"2":1,"3":1,"4":1,"5":1,"6":0,"7":1,"8":0,"9":1,"10":0,"11":1,"12":0,"13":1},"f":{"0":0,"1":0,"2":0,"3":0},"b":{},"_coverageSchema":"1a1c01bbd47fc00a2c39e90264f33305004495a9","hash":"28bdb50677fbb2a84416e627f81c8aba9260a3f3"}
,"C:\\Users\\MIGUEL ALEJANDRO\\Desktop\\Entrega 5\\BackEnd\\src\\controllers\\user.js": {"path":"C:\\Users\\MIGUEL ALEJANDRO\\Desktop\\Entrega 5\\BackEnd\\src\\controllers\\user.js","statementMap":{"0":{"start":{"line":1,"column":16},"end":{"line":1,"column":41}},"1":{"start":{"line":2,"column":13},"end":{"line":2,"column":28}},"2":{"start":{"line":3,"column":15},"end":{"line":3,"column":38}},"3":{"start":{"line":4,"column":20},"end":{"line":4,"column":62}},"4":{"start":{"line":6,"column":27},"end":{"line":6,"column":52}},"5":{"start":{"line":8,"column":19},"end":{"line":10,"column":1}},"6":{"start":{"line":9,"column":2},"end":{"line":9,"column":56}},"7":{"start":{"line":12,"column":20},"end":{"line":14,"column":1}},"8":{"start":{"line":13,"column":2},"end":{"line":13,"column":54}},"9":{"start":{"line":16,"column":26},"end":{"line":18,"column":1}},"10":{"start":{"line":17,"column":2},"end":{"line":17,"column":66}},"11":{"start":{"line":20,"column":19},"end":{"line":22,"column":1}},"12":{"start":{"line":21,"column":2},"end":{"line":21,"column":56}},"13":{"start":{"line":24,"column":19},"end":{"line":26,"column":1}},"14":{"start":{"line":25,"column":2},"end":{"line":25,"column":56}},"15":{"start":{"line":28,"column":21},"end":{"line":30,"column":1}},"16":{"start":{"line":29,"column":2},"end":{"line":29,"column":60}},"17":{"start":{"line":32,"column":0},"end":{"line":39,"column":1}}},"fnMap":{"0":{"name":"(anonymous_0)","decl":{"start":{"line":8,"column":19},"end":{"line":8,"column":20}},"loc":{"start":{"line":8,"column":39},"end":{"line":10,"column":1}},"line":8},"1":{"name":"(anonymous_1)","decl":{"start":{"line":12,"column":20},"end":{"line":12,"column":21}},"loc":{"start":{"line":12,"column":40},"end":{"line":14,"column":1}},"line":12},"2":{"name":"(anonymous_2)","decl":{"start":{"line":16,"column":26},"end":{"line":16,"column":27}},"loc":{"start":{"line":16,"column":46},"end":{"line":18,"column":1}},"line":16},"3":{"name":"(anonymous_3)","decl":{"start":{"line":20,"column":19},"end":{"line":20,"column":20}},"loc":{"start":{"line":20,"column":39},"end":{"line":22,"column":1}},"line":20},"4":{"name":"(anonymous_4)","decl":{"start":{"line":24,"column":19},"end":{"line":24,"column":20}},"loc":{"start":{"line":24,"column":39},"end":{"line":26,"column":1}},"line":24},"5":{"name":"(anonymous_5)","decl":{"start":{"line":28,"column":21},"end":{"line":28,"column":22}},"loc":{"start":{"line":28,"column":41},"end":{"line":30,"column":1}},"line":28}},"branchMap":{},"s":{"0":1,"1":1,"2":1,"3":1,"4":1,"5":1,"6":0,"7":1,"8":0,"9":1,"10":0,"11":1,"12":0,"13":1,"14":0,"15":1,"16":0,"17":1},"f":{"0":0,"1":0,"2":0,"3":0,"4":0,"5":0},"b":{},"_coverageSchema":"1a1c01bbd47fc00a2c39e90264f33305004495a9","hash":"370db66eb7f23af7f5d6d87a887b44e59f7e8d86"}
,"C:\\Users\\MIGUEL ALEJANDRO\\Desktop\\Entrega 5\\BackEnd\\src\\controllers\\wallet.js": {"path":"C:\\Users\\MIGUEL ALEJANDRO\\Desktop\\Entrega 5\\BackEnd\\src\\controllers\\wallet.js","statementMap":{"0":{"start":{"line":1,"column":16},"end":{"line":1,"column":41}},"1":{"start":{"line":2,"column":13},"end":{"line":2,"column":28}},"2":{"start":{"line":3,"column":15},"end":{"line":3,"column":38}},"3":{"start":{"line":4,"column":20},"end":{"line":4,"column":62}},"4":{"start":{"line":6,"column":27},"end":{"line":6,"column":52}},"5":{"start":{"line":8,"column":21},"end":{"line":10,"column":1}},"6":{"start":{"line":9,"column":4},"end":{"line":9,"column":60}},"7":{"start":{"line":12,"column":22},"end":{"line":14,"column":1}},"8":{"start":{"line":13,"column":4},"end":{"line":13,"column":58}},"9":{"start":{"line":16,"column":32},"end":{"line":18,"column":1}},"10":{"start":{"line":17,"column":4},"end":{"line":17,"column":70}},"11":{"start":{"line":20,"column":21},"end":{"line":22,"column":1}},"12":{"start":{"line":21,"column":4},"end":{"line":21,"column":60}},"13":{"start":{"line":24,"column":26},"end":{"line":26,"column":1}},"14":{"start":{"line":25,"column":4},"end":{"line":25,"column":66}},"15":{"start":{"line":29,"column":21},"end":{"line":31,"column":1}},"16":{"start":{"line":30,"column":4},"end":{"line":30,"column":60}},"17":{"start":{"line":33,"column":0},"end":{"line":40,"column":1}}},"fnMap":{"0":{"name":"(anonymous_0)","decl":{"start":{"line":8,"column":21},"end":{"line":8,"column":22}},"loc":{"start":{"line":8,"column":41},"end":{"line":10,"column":1}},"line":8},"1":{"name":"(anonymous_1)","decl":{"start":{"line":12,"column":22},"end":{"line":12,"column":23}},"loc":{"start":{"line":12,"column":42},"end":{"line":14,"column":1}},"line":12},"2":{"name":"(anonymous_2)","decl":{"start":{"line":16,"column":32},"end":{"line":16,"column":33}},"loc":{"start":{"line":16,"column":52},"end":{"line":18,"column":1}},"line":16},"3":{"name":"(anonymous_3)","decl":{"start":{"line":20,"column":21},"end":{"line":20,"column":22}},"loc":{"start":{"line":20,"column":41},"end":{"line":22,"column":1}},"line":20},"4":{"name":"(anonymous_4)","decl":{"start":{"line":24,"column":26},"end":{"line":24,"column":27}},"loc":{"start":{"line":24,"column":46},"end":{"line":26,"column":1}},"line":24},"5":{"name":"(anonymous_5)","decl":{"start":{"line":29,"column":21},"end":{"line":29,"column":22}},"loc":{"start":{"line":29,"column":41},"end":{"line":31,"column":1}},"line":29}},"branchMap":{},"s":{"0":1,"1":1,"2":1,"3":1,"4":1,"5":1,"6":0,"7":1,"8":0,"9":1,"10":0,"11":1,"12":0,"13":1,"14":0,"15":1,"16":0,"17":1},"f":{"0":0,"1":0,"2":0,"3":0,"4":0,"5":0},"b":{},"_coverageSchema":"1a1c01bbd47fc00a2c39e90264f33305004495a9","hash":"bda619f655b4736b246ecf89e57037bed475feb5"}
,"C:\\Users\\MIGUEL ALEJANDRO\\Desktop\\Entrega 5\\BackEnd\\src\\controllers\\wallettype.js": {"path":"C:\\Users\\MIGUEL ALEJANDRO\\Desktop\\Entrega 5\\BackEnd\\src\\controllers\\wallettype.js","statementMap":{"0":{"start":{"line":1,"column":16},"end":{"line":1,"column":41}},"1":{"start":{"line":2,"column":13},"end":{"line":2,"column":28}},"2":{"start":{"line":3,"column":15},"end":{"line":3,"column":38}},"3":{"start":{"line":4,"column":20},"end":{"line":4,"column":62}},"4":{"start":{"line":6,"column":27},"end":{"line":6,"column":52}},"5":{"start":{"line":8,"column":25},"end":{"line":10,"column":1}},"6":{"start":{"line":9,"column":4},"end":{"line":9,"column":65}},"7":{"start":{"line":12,"column":26},"end":{"line":14,"column":1}},"8":{"start":{"line":13,"column":4},"end":{"line":13,"column":63}},"9":{"start":{"line":16,"column":25},"end":{"line":18,"column":1}},"10":{"start":{"line":17,"column":4},"end":{"line":17,"column":65}},"11":{"start":{"line":21,"column":29},"end":{"line":23,"column":1}},"12":{"start":{"line":22,"column":2},"end":{"line":22,"column":60}},"13":{"start":{"line":25,"column":0},"end":{"line":30,"column":1}}},"fnMap":{"0":{"name":"(anonymous_0)","decl":{"start":{"line":8,"column":25},"end":{"line":8,"column":26}},"loc":{"start":{"line":8,"column":45},"end":{"line":10,"column":1}},"line":8},"1":{"name":"(anonymous_1)","decl":{"start":{"line":12,"column":26},"end":{"line":12,"column":27}},"loc":{"start":{"line":12,"column":46},"end":{"line":14,"column":1}},"line":12},"2":{"name":"(anonymous_2)","decl":{"start":{"line":16,"column":25},"end":{"line":16,"column":26}},"loc":{"start":{"line":16,"column":45},"end":{"line":18,"column":1}},"line":16},"3":{"name":"(anonymous_3)","decl":{"start":{"line":21,"column":29},"end":{"line":21,"column":30}},"loc":{"start":{"line":21,"column":49},"end":{"line":23,"column":1}},"line":21}},"branchMap":{},"s":{"0":1,"1":1,"2":1,"3":1,"4":1,"5":1,"6":0,"7":1,"8":0,"9":1,"10":0,"11":1,"12":0,"13":1},"f":{"0":0,"1":0,"2":0,"3":0},"b":{},"_coverageSchema":"1a1c01bbd47fc00a2c39e90264f33305004495a9","hash":"096af16cc3aa6f2ffec5073fd95162bdabf8acc5"}
,"C:\\Users\\MIGUEL ALEJANDRO\\Desktop\\Entrega 5\\BackEnd\\src\\database\\connection.js": {"path":"C:\\Users\\MIGUEL ALEJANDRO\\Desktop\\Entrega 5\\BackEnd\\src\\database\\connection.js","statementMap":{"0":{"start":{"line":1,"column":18},"end":{"line":1,"column":38}},"1":{"start":{"line":2,"column":15},"end":{"line":2,"column":42}},"2":{"start":{"line":4,"column":18},"end":{"line":8,"column":6}},"3":{"start":{"line":10,"column":0},"end":{"line":14,"column":3}},"4":{"start":{"line":11,"column":4},"end":{"line":11,"column":65}},"5":{"start":{"line":13,"column":4},"end":{"line":13,"column":68}},"6":{"start":{"line":16,"column":0},"end":{"line":16,"column":27}},"7":{"start":{"line":17,"column":0},"end":{"line":17,"column":29}}},"fnMap":{"0":{"name":"(anonymous_0)","decl":{"start":{"line":10,"column":30},"end":{"line":10,"column":31}},"loc":{"start":{"line":10,"column":36},"end":{"line":12,"column":1}},"line":10},"1":{"name":"(anonymous_1)","decl":{"start":{"line":12,"column":9},"end":{"line":12,"column":10}},"loc":{"start":{"line":12,"column":18},"end":{"line":14,"column":1}},"line":12}},"branchMap":{},"s":{"0":1,"1":1,"2":1,"3":1,"4":0,"5":0,"6":1,"7":1},"f":{"0":0,"1":0},"b":{},"_coverageSchema":"1a1c01bbd47fc00a2c39e90264f33305004495a9","hash":"47f5276c16dd4e16e47207b0060d6cab8deaa85f"}
,"C:\\Users\\MIGUEL ALEJANDRO\\Desktop\\Entrega 5\\BackEnd\\src\\lib\\helpers.js": {"path":"C:\\Users\\MIGUEL ALEJANDRO\\Desktop\\Entrega 5\\BackEnd\\src\\lib\\helpers.js","statementMap":{"0":{"start":{"line":1,"column":15},"end":{"line":1,"column":32}},"1":{"start":{"line":2,"column":15},"end":{"line":2,"column":42}},"2":{"start":{"line":3,"column":16},"end":{"line":3,"column":34}},"3":{"start":{"line":4,"column":15},"end":{"line":4,"column":31}},"4":{"start":{"line":5,"column":12},"end":{"line":5,"column":35}},"5":{"start":{"line":6,"column":16},"end":{"line":6,"column":18}},"6":{"start":{"line":7,"column":13},"end":{"line":7,"column":41}},"7":{"start":{"line":9,"column":0},"end":{"line":17,"column":2}},"8":{"start":{"line":10,"column":4},"end":{"line":16,"column":5}},"9":{"start":{"line":11,"column":21},"end":{"line":11,"column":45}},"10":{"start":{"line":12,"column":21},"end":{"line":12,"column":54}},"11":{"start":{"line":13,"column":8},"end":{"line":13,"column":20}},"12":{"start":{"line":15,"column":8},"end":{"line":15,"column":23}},"13":{"start":{"line":19,"column":0},"end":{"line":26,"column":2}},"14":{"start":{"line":21,"column":4},"end":{"line":25,"column":5}},"15":{"start":{"line":22,"column":8},"end":{"line":22,"column":61}},"16":{"start":{"line":24,"column":8},"end":{"line":24,"column":23}},"17":{"start":{"line":28,"column":0},"end":{"line":34,"column":1}},"18":{"start":{"line":29,"column":4},"end":{"line":33,"column":5}},"19":{"start":{"line":30,"column":8},"end":{"line":30,"column":21}},"20":{"start":{"line":32,"column":8},"end":{"line":32,"column":20}},"21":{"start":{"line":36,"column":0},"end":{"line":42,"column":1}},"22":{"start":{"line":37,"column":4},"end":{"line":40,"column":5}},"23":{"start":{"line":39,"column":8},"end":{"line":39,"column":20}},"24":{"start":{"line":41,"column":4},"end":{"line":41,"column":15}},"25":{"start":{"line":44,"column":0},"end":{"line":54,"column":1}},"26":{"start":{"line":45,"column":4},"end":{"line":53,"column":5}},"27":{"start":{"line":46,"column":8},"end":{"line":46,"column":29}},"28":{"start":{"line":47,"column":8},"end":{"line":49,"column":9}},"29":{"start":{"line":48,"column":12},"end":{"line":48,"column":51}},"30":{"start":{"line":51,"column":8},"end":{"line":51,"column":35}},"31":{"start":{"line":52,"column":8},"end":{"line":52,"column":31}},"32":{"start":{"line":56,"column":0},"end":{"line":64,"column":1}},"33":{"start":{"line":57,"column":4},"end":{"line":63,"column":5}},"34":{"start":{"line":58,"column":8},"end":{"line":58,"column":32}},"35":{"start":{"line":59,"column":8},"end":{"line":59,"column":48}},"36":{"start":{"line":61,"column":8},"end":{"line":61,"column":35}},"37":{"start":{"line":62,"column":8},"end":{"line":62,"column":31}},"38":{"start":{"line":66,"column":0},"end":{"line":74,"column":1}},"39":{"start":{"line":67,"column":4},"end":{"line":73,"column":5}},"40":{"start":{"line":68,"column":8},"end":{"line":68,"column":30}},"41":{"start":{"line":69,"column":8},"end":{"line":69,"column":57}},"42":{"start":{"line":71,"column":8},"end":{"line":71,"column":35}},"43":{"start":{"line":72,"column":8},"end":{"line":72,"column":31}},"44":{"start":{"line":76,"column":12},"end":{"line":76,"column":25}},"45":{"start":{"line":78,"column":0},"end":{"line":81,"column":1}},"46":{"start":{"line":79,"column":20},"end":{"line":79,"column":23}},"47":{"start":{"line":80,"column":4},"end":{"line":80,"column":52}},"48":{"start":{"line":83,"column":0},"end":{"line":100,"column":1}},"49":{"start":{"line":84,"column":18},"end":{"line":84,"column":45}},"50":{"start":{"line":86,"column":4},"end":{"line":99,"column":5}},"51":{"start":{"line":87,"column":8},"end":{"line":95,"column":11}},"52":{"start":{"line":88,"column":12},"end":{"line":94,"column":13}},"53":{"start":{"line":89,"column":16},"end":{"line":89,"column":48}},"54":{"start":{"line":90,"column":16},"end":{"line":90,"column":61}},"55":{"start":{"line":92,"column":16},"end":{"line":92,"column":38}},"56":{"start":{"line":93,"column":16},"end":{"line":93,"column":23}},"57":{"start":{"line":97,"column":8},"end":{"line":97,"column":50}},"58":{"start":{"line":98,"column":8},"end":{"line":98,"column":63}},"59":{"start":{"line":102,"column":0},"end":{"line":102,"column":25}}},"fnMap":{"0":{"name":"(anonymous_0)","decl":{"start":{"line":9,"column":26},"end":{"line":9,"column":27}},"loc":{"start":{"line":9,"column":46},"end":{"line":17,"column":1}},"line":9},"1":{"name":"(anonymous_1)","decl":{"start":{"line":19,"column":24},"end":{"line":19,"column":25}},"loc":{"start":{"line":19,"column":59},"end":{"line":26,"column":1}},"line":19},"2":{"name":"(anonymous_2)","decl":{"start":{"line":28,"column":24},"end":{"line":28,"column":25}},"loc":{"start":{"line":28,"column":35},"end":{"line":34,"column":1}},"line":28},"3":{"name":"(anonymous_3)","decl":{"start":{"line":36,"column":22},"end":{"line":36,"column":23}},"loc":{"start":{"line":36,"column":31},"end":{"line":42,"column":1}},"line":36},"4":{"name":"(anonymous_4)","decl":{"start":{"line":44,"column":32},"end":{"line":44,"column":33}},"loc":{"start":{"line":44,"column":58},"end":{"line":54,"column":1}},"line":44},"5":{"name":"(anonymous_5)","decl":{"start":{"line":56,"column":32},"end":{"line":56,"column":33}},"loc":{"start":{"line":56,"column":58},"end":{"line":64,"column":1}},"line":56},"6":{"name":"(anonymous_6)","decl":{"start":{"line":66,"column":33},"end":{"line":66,"column":34}},"loc":{"start":{"line":66,"column":51},"end":{"line":74,"column":1}},"line":66},"7":{"name":"(anonymous_7)","decl":{"start":{"line":78,"column":24},"end":{"line":78,"column":25}},"loc":{"start":{"line":78,"column":32},"end":{"line":81,"column":1}},"line":78},"8":{"name":"(anonymous_8)","decl":{"start":{"line":83,"column":31},"end":{"line":83,"column":32}},"loc":{"start":{"line":83,"column":51},"end":{"line":100,"column":1}},"line":83},"9":{"name":"(anonymous_9)","decl":{"start":{"line":87,"column":31},"end":{"line":87,"column":32}},"loc":{"start":{"line":87,"column":49},"end":{"line":95,"column":9}},"line":87}},"branchMap":{"0":{"loc":{"start":{"line":29,"column":4},"end":{"line":33,"column":5}},"type":"if","locations":[{"start":{"line":29,"column":4},"end":{"line":33,"column":5}},{"start":{"line":29,"column":4},"end":{"line":33,"column":5}}],"line":29},"1":{"loc":{"start":{"line":29,"column":8},"end":{"line":29,"column":48}},"type":"binary-expr","locations":[{"start":{"line":29,"column":8},"end":{"line":29,"column":25}},{"start":{"line":29,"column":29},"end":{"line":29,"column":48}}],"line":29},"2":{"loc":{"start":{"line":37,"column":4},"end":{"line":40,"column":5}},"type":"if","locations":[{"start":{"line":37,"column":4},"end":{"line":40,"column":5}},{"start":{"line":37,"column":4},"end":{"line":40,"column":5}}],"line":37},"3":{"loc":{"start":{"line":47,"column":8},"end":{"line":49,"column":9}},"type":"if","locations":[{"start":{"line":47,"column":8},"end":{"line":49,"column":9}},{"start":{"line":47,"column":8},"end":{"line":49,"column":9}}],"line":47},"4":{"loc":{"start":{"line":86,"column":4},"end":{"line":99,"column":5}},"type":"if","locations":[{"start":{"line":86,"column":4},"end":{"line":99,"column":5}},{"start":{"line":86,"column":4},"end":{"line":99,"column":5}}],"line":86},"5":{"loc":{"start":{"line":88,"column":12},"end":{"line":94,"column":13}},"type":"if","locations":[{"start":{"line":88,"column":12},"end":{"line":94,"column":13}},{"start":{"line":88,"column":12},"end":{"line":94,"column":13}}],"line":88}},"s":{"0":1,"1":1,"2":1,"3":1,"4":1,"5":1,"6":1,"7":1,"8":0,"9":0,"10":0,"11":0,"12":0,"13":1,"14":0,"15":0,"16":0,"17":1,"18":0,"19":0,"20":0,"21":1,"22":0,"23":0,"24":0,"25":1,"26":0,"27":0,"28":0,"29":0,"30":0,"31":0,"32":1,"33":0,"34":0,"35":0,"36":0,"37":0,"38":1,"39":0,"40":0,"41":0,"42":0,"43":0,"44":1,"45":1,"46":0,"47":0,"48":1,"49":0,"50":0,"51":0,"52":0,"53":0,"54":0,"55":0,"56":0,"57":0,"58":0,"59":1},"f":{"0":0,"1":0,"2":0,"3":0,"4":0,"5":0,"6":0,"7":0,"8":0,"9":0},"b":{"0":[0,0],"1":[0,0],"2":[0,0],"3":[0,0],"4":[0,0],"5":[0,0]},"_coverageSchema":"1a1c01bbd47fc00a2c39e90264f33305004495a9","hash":"7f85e320a5746f46cd0ad78c655673b77d220712"}
,"C:\\Users\\MIGUEL ALEJANDRO\\Desktop\\Entrega 5\\BackEnd\\src\\logger\\logger.js": {"path":"C:\\Users\\MIGUEL ALEJANDRO\\Desktop\\Entrega 5\\BackEnd\\src\\logger\\logger.js","statementMap":{"0":{"start":{"line":1,"column":16},"end":{"line":1,"column":34}},"1":{"start":{"line":2,"column":17},"end":{"line":2,"column":35}},"2":{"start":{"line":4,"column":23},"end":{"line":13,"column":1}},"3":{"start":{"line":15,"column":22},"end":{"line":15,"column":29}},"4":{"start":{"line":17,"column":12},"end":{"line":17,"column":22}},"5":{"start":{"line":19,"column":0},"end":{"line":40,"column":3}},"6":{"start":{"line":26,"column":30},"end":{"line":26,"column":102}}},"fnMap":{"0":{"name":"(anonymous_0)","decl":{"start":{"line":26,"column":22},"end":{"line":26,"column":23}},"loc":{"start":{"line":26,"column":30},"end":{"line":26,"column":102}},"line":26}},"branchMap":{},"s":{"0":1,"1":1,"2":1,"3":1,"4":1,"5":1,"6":2},"f":{"0":2},"b":{},"_coverageSchema":"1a1c01bbd47fc00a2c39e90264f33305004495a9","hash":"8a389ef099c4f7d4068302ee64262b40b27d6d55"}
,"C:\\Users\\MIGUEL ALEJANDRO\\Desktop\\Entrega 5\\BackEnd\\src\\patterns\\factory_deletion.js": {"path":"C:\\Users\\MIGUEL ALEJANDRO\\Desktop\\Entrega 5\\BackEnd\\src\\patterns\\factory_deletion.js","statementMap":{"0":{"start":{"line":1,"column":16},"end":{"line":1,"column":41}},"1":{"start":{"line":2,"column":13},"end":{"line":2,"column":28}},"2":{"start":{"line":3,"column":15},"end":{"line":3,"column":38}},"3":{"start":{"line":4,"column":15},"end":{"line":4,"column":42}},"4":{"start":{"line":6,"column":13},"end":{"line":29,"column":1}},"5":{"start":{"line":7,"column":4},"end":{"line":28,"column":5}},"6":{"start":{"line":8,"column":29},"end":{"line":8,"column":39}},"7":{"start":{"line":9,"column":25},"end":{"line":9,"column":89}},"8":{"start":{"line":11,"column":8},"end":{"line":24,"column":9}},"9":{"start":{"line":12,"column":28},"end":{"line":12,"column":95}},"10":{"start":{"line":14,"column":12},"end":{"line":16,"column":13}},"11":{"start":{"line":15,"column":16},"end":{"line":15,"column":116}},"12":{"start":{"line":15,"column":117},"end":{"line":15,"column":128}},"13":{"start":{"line":17,"column":28},"end":{"line":19,"column":14}},"14":{"start":{"line":20,"column":12},"end":{"line":23,"column":13}},"15":{"start":{"line":21,"column":16},"end":{"line":21,"column":61}},"16":{"start":{"line":22,"column":16},"end":{"line":22,"column":77}},"17":{"start":{"line":25,"column":8},"end":{"line":25,"column":74}},"18":{"start":{"line":25,"column":75},"end":{"line":25,"column":86}},"19":{"start":{"line":27,"column":8},"end":{"line":27,"column":58}},"20":{"start":{"line":27,"column":59},"end":{"line":27,"column":70}},"21":{"start":{"line":32,"column":4},"end":{"line":64,"column":5}},"22":{"start":{"line":33,"column":28},"end":{"line":33,"column":38}},"23":{"start":{"line":34,"column":25},"end":{"line":34,"column":83}},"24":{"start":{"line":36,"column":8},"end":{"line":60,"column":9}},"25":{"start":{"line":37,"column":30},"end":{"line":37,"column":101}},"26":{"start":{"line":38,"column":12},"end":{"line":51,"column":13}},"27":{"start":{"line":39,"column":16},"end":{"line":50,"column":19}},"28":{"start":{"line":41,"column":38},"end":{"line":45,"column":22}},"29":{"start":{"line":47,"column":20},"end":{"line":49,"column":21}},"30":{"start":{"line":48,"column":24},"end":{"line":48,"column":75}},"31":{"start":{"line":52,"column":28},"end":{"line":54,"column":14}},"32":{"start":{"line":55,"column":12},"end":{"line":58,"column":13}},"33":{"start":{"line":56,"column":16},"end":{"line":56,"column":71}},"34":{"start":{"line":57,"column":16},"end":{"line":57,"column":87}},"35":{"start":{"line":59,"column":12},"end":{"line":59,"column":67}},"36":{"start":{"line":61,"column":8},"end":{"line":61,"column":74}},"37":{"start":{"line":61,"column":75},"end":{"line":61,"column":86}},"38":{"start":{"line":63,"column":8},"end":{"line":63,"column":58}},"39":{"start":{"line":63,"column":59},"end":{"line":63,"column":70}},"40":{"start":{"line":68,"column":4},"end":{"line":101,"column":5}},"41":{"start":{"line":69,"column":37},"end":{"line":69,"column":47}},"42":{"start":{"line":70,"column":29},"end":{"line":70,"column":37}},"43":{"start":{"line":71,"column":25},"end":{"line":71,"column":89}},"44":{"start":{"line":72,"column":27},"end":{"line":72,"column":85}},"45":{"start":{"line":74,"column":8},"end":{"line":97,"column":9}},"46":{"start":{"line":75,"column":12},"end":{"line":96,"column":13}},"47":{"start":{"line":76,"column":40},"end":{"line":76,"column":107}},"48":{"start":{"line":77,"column":43},"end":{"line":77,"column":113}},"49":{"start":{"line":79,"column":16},"end":{"line":81,"column":17}},"50":{"start":{"line":80,"column":20},"end":{"line":80,"column":124}},"51":{"start":{"line":80,"column":125},"end":{"line":80,"column":136}},"52":{"start":{"line":82,"column":28},"end":{"line":82,"column":88}},"53":{"start":{"line":83,"column":16},"end":{"line":93,"column":17}},"54":{"start":{"line":84,"column":36},"end":{"line":86,"column":22}},"55":{"start":{"line":87,"column":20},"end":{"line":90,"column":21}},"56":{"start":{"line":88,"column":24},"end":{"line":88,"column":54}},"57":{"start":{"line":89,"column":24},"end":{"line":89,"column":70}},"58":{"start":{"line":92,"column":20},"end":{"line":92,"column":105}},"59":{"start":{"line":92,"column":106},"end":{"line":92,"column":117}},"60":{"start":{"line":95,"column":16},"end":{"line":95,"column":90}},"61":{"start":{"line":95,"column":91},"end":{"line":95,"column":102}},"62":{"start":{"line":98,"column":8},"end":{"line":98,"column":70}},"63":{"start":{"line":98,"column":71},"end":{"line":98,"column":82}},"64":{"start":{"line":100,"column":8},"end":{"line":100,"column":58}},"65":{"start":{"line":100,"column":59},"end":{"line":100,"column":70}},"66":{"start":{"line":105,"column":4},"end":{"line":128,"column":5}},"67":{"start":{"line":106,"column":28},"end":{"line":106,"column":38}},"68":{"start":{"line":107,"column":31},"end":{"line":107,"column":95}},"69":{"start":{"line":109,"column":8},"end":{"line":124,"column":9}},"70":{"start":{"line":110,"column":28},"end":{"line":110,"column":88}},"71":{"start":{"line":112,"column":12},"end":{"line":114,"column":13}},"72":{"start":{"line":113,"column":16},"end":{"line":113,"column":123}},"73":{"start":{"line":113,"column":124},"end":{"line":113,"column":135}},"74":{"start":{"line":116,"column":28},"end":{"line":118,"column":14}},"75":{"start":{"line":119,"column":12},"end":{"line":122,"column":13}},"76":{"start":{"line":120,"column":16},"end":{"line":120,"column":84}},"77":{"start":{"line":121,"column":16},"end":{"line":121,"column":100}},"78":{"start":{"line":123,"column":12},"end":{"line":123,"column":74}},"79":{"start":{"line":125,"column":8},"end":{"line":125,"column":81}},"80":{"start":{"line":125,"column":82},"end":{"line":125,"column":93}},"81":{"start":{"line":127,"column":8},"end":{"line":127,"column":58}},"82":{"start":{"line":127,"column":59},"end":{"line":127,"column":70}},"83":{"start":{"line":133,"column":4},"end":{"line":157,"column":5}},"84":{"start":{"line":134,"column":27},"end":{"line":134,"column":37}},"85":{"start":{"line":135,"column":29},"end":{"line":135,"column":89}},"86":{"start":{"line":137,"column":8},"end":{"line":153,"column":9}},"87":{"start":{"line":138,"column":30},"end":{"line":138,"column":103}},"88":{"start":{"line":140,"column":12},"end":{"line":142,"column":13}},"89":{"start":{"line":141,"column":16},"end":{"line":141,"column":122}},"90":{"start":{"line":141,"column":123},"end":{"line":141,"column":134}},"91":{"start":{"line":144,"column":28},"end":{"line":146,"column":14}},"92":{"start":{"line":148,"column":12},"end":{"line":151,"column":13}},"93":{"start":{"line":149,"column":16},"end":{"line":149,"column":78}},"94":{"start":{"line":150,"column":16},"end":{"line":150,"column":94}},"95":{"start":{"line":152,"column":12},"end":{"line":152,"column":71}},"96":{"start":{"line":154,"column":8},"end":{"line":154,"column":78}},"97":{"start":{"line":154,"column":79},"end":{"line":154,"column":90}},"98":{"start":{"line":156,"column":8},"end":{"line":156,"column":58}},"99":{"start":{"line":156,"column":59},"end":{"line":156,"column":70}},"100":{"start":{"line":161,"column":4},"end":{"line":192,"column":5}},"101":{"start":{"line":162,"column":37},"end":{"line":162,"column":47}},"102":{"start":{"line":163,"column":29},"end":{"line":163,"column":89}},"103":{"start":{"line":164,"column":25},"end":{"line":164,"column":89}},"104":{"start":{"line":167,"column":8},"end":{"line":188,"column":9}},"105":{"start":{"line":168,"column":12},"end":{"line":187,"column":13}},"106":{"start":{"line":169,"column":35},"end":{"line":174,"column":18}},"107":{"start":{"line":175,"column":16},"end":{"line":183,"column":17}},"108":{"start":{"line":176,"column":36},"end":{"line":178,"column":22}},"109":{"start":{"line":179,"column":20},"end":{"line":182,"column":21}},"110":{"start":{"line":180,"column":24},"end":{"line":180,"column":57}},"111":{"start":{"line":181,"column":24},"end":{"line":181,"column":72}},"112":{"start":{"line":184,"column":16},"end":{"line":184,"column":119}},"113":{"start":{"line":184,"column":120},"end":{"line":184,"column":131}},"114":{"start":{"line":186,"column":16},"end":{"line":186,"column":91}},"115":{"start":{"line":186,"column":92},"end":{"line":186,"column":103}},"116":{"start":{"line":189,"column":8},"end":{"line":189,"column":80}},"117":{"start":{"line":189,"column":81},"end":{"line":189,"column":92}},"118":{"start":{"line":191,"column":8},"end":{"line":191,"column":58}},"119":{"start":{"line":191,"column":59},"end":{"line":191,"column":70}},"120":{"start":{"line":196,"column":4},"end":{"line":227,"column":5}},"121":{"start":{"line":197,"column":29},"end":{"line":197,"column":39}},"122":{"start":{"line":198,"column":30},"end":{"line":198,"column":38}},"123":{"start":{"line":199,"column":25},"end":{"line":199,"column":89}},"124":{"start":{"line":200,"column":29},"end":{"line":200,"column":99}},"125":{"start":{"line":202,"column":8},"end":{"line":223,"column":9}},"126":{"start":{"line":203,"column":12},"end":{"line":222,"column":13}},"127":{"start":{"line":204,"column":35},"end":{"line":209,"column":18}},"128":{"start":{"line":210,"column":16},"end":{"line":218,"column":17}},"129":{"start":{"line":211,"column":36},"end":{"line":213,"column":22}},"130":{"start":{"line":214,"column":20},"end":{"line":217,"column":21}},"131":{"start":{"line":215,"column":24},"end":{"line":215,"column":57}},"132":{"start":{"line":216,"column":24},"end":{"line":216,"column":72}},"133":{"start":{"line":219,"column":16},"end":{"line":219,"column":120}},"134":{"start":{"line":219,"column":121},"end":{"line":219,"column":132}},"135":{"start":{"line":221,"column":16},"end":{"line":221,"column":92}},"136":{"start":{"line":221,"column":93},"end":{"line":221,"column":104}},"137":{"start":{"line":224,"column":8},"end":{"line":224,"column":70}},"138":{"start":{"line":224,"column":71},"end":{"line":224,"column":82}},"139":{"start":{"line":226,"column":8},"end":{"line":226,"column":58}},"140":{"start":{"line":226,"column":59},"end":{"line":226,"column":70}},"141":{"start":{"line":231,"column":4},"end":{"line":265,"column":5}},"142":{"start":{"line":232,"column":27},"end":{"line":232,"column":37}},"143":{"start":{"line":233,"column":31},"end":{"line":233,"column":93}},"144":{"start":{"line":235,"column":8},"end":{"line":261,"column":9}},"145":{"start":{"line":236,"column":28},"end":{"line":236,"column":86}},"146":{"start":{"line":237,"column":12},"end":{"line":250,"column":13}},"147":{"start":{"line":238,"column":16},"end":{"line":249,"column":19}},"148":{"start":{"line":240,"column":38},"end":{"line":244,"column":22}},"149":{"start":{"line":246,"column":20},"end":{"line":248,"column":21}},"150":{"start":{"line":247,"column":24},"end":{"line":247,"column":73}},"151":{"start":{"line":252,"column":28},"end":{"line":254,"column":14}},"152":{"start":{"line":256,"column":12},"end":{"line":259,"column":13}},"153":{"start":{"line":257,"column":16},"end":{"line":257,"column":82}},"154":{"start":{"line":258,"column":16},"end":{"line":258,"column":98}},"155":{"start":{"line":260,"column":12},"end":{"line":260,"column":73}},"156":{"start":{"line":262,"column":8},"end":{"line":262,"column":80}},"157":{"start":{"line":262,"column":81},"end":{"line":262,"column":92}},"158":{"start":{"line":264,"column":8},"end":{"line":264,"column":58}},"159":{"start":{"line":264,"column":59},"end":{"line":264,"column":70}},"160":{"start":{"line":269,"column":4},"end":{"line":298,"column":5}},"161":{"start":{"line":270,"column":8},"end":{"line":297,"column":9}},"162":{"start":{"line":272,"column":16},"end":{"line":272,"column":31}},"163":{"start":{"line":273,"column":16},"end":{"line":273,"column":22}},"164":{"start":{"line":275,"column":16},"end":{"line":275,"column":31}},"165":{"start":{"line":276,"column":16},"end":{"line":276,"column":22}},"166":{"start":{"line":278,"column":16},"end":{"line":278,"column":33}},"167":{"start":{"line":279,"column":16},"end":{"line":279,"column":22}},"168":{"start":{"line":281,"column":16},"end":{"line":281,"column":37}},"169":{"start":{"line":282,"column":16},"end":{"line":282,"column":22}},"170":{"start":{"line":284,"column":16},"end":{"line":284,"column":35}},"171":{"start":{"line":285,"column":16},"end":{"line":285,"column":22}},"172":{"start":{"line":287,"column":16},"end":{"line":287,"column":35}},"173":{"start":{"line":288,"column":16},"end":{"line":288,"column":22}},"174":{"start":{"line":290,"column":16},"end":{"line":290,"column":46}},"175":{"start":{"line":291,"column":16},"end":{"line":291,"column":22}},"176":{"start":{"line":293,"column":16},"end":{"line":293,"column":37}},"177":{"start":{"line":294,"column":16},"end":{"line":294,"column":22}},"178":{"start":{"line":296,"column":16},"end":{"line":296,"column":71}},"179":{"start":{"line":296,"column":72},"end":{"line":296,"column":83}},"180":{"start":{"line":301,"column":0},"end":{"line":303,"column":1}}},"fnMap":{"0":{"name":"(anonymous_0)","decl":{"start":{"line":6,"column":13},"end":{"line":6,"column":14}},"loc":{"start":{"line":6,"column":33},"end":{"line":29,"column":1}},"line":6},"1":{"name":"Bank","decl":{"start":{"line":31,"column":15},"end":{"line":31,"column":19}},"loc":{"start":{"line":31,"column":30},"end":{"line":65,"column":1}},"line":31},"2":{"name":"(anonymous_2)","decl":{"start":{"line":39,"column":34},"end":{"line":39,"column":35}},"loc":{"start":{"line":39,"column":53},"end":{"line":50,"column":17}},"line":39},"3":{"name":"Wallet","decl":{"start":{"line":67,"column":15},"end":{"line":67,"column":21}},"loc":{"start":{"line":67,"column":32},"end":{"line":102,"column":1}},"line":67},"4":{"name":"WalletType","decl":{"start":{"line":104,"column":15},"end":{"line":104,"column":25}},"loc":{"start":{"line":104,"column":36},"end":{"line":129,"column":1}},"line":104},"5":{"name":"Transfer","decl":{"start":{"line":132,"column":15},"end":{"line":132,"column":23}},"loc":{"start":{"line":132,"column":34},"end":{"line":158,"column":1}},"line":132},"6":{"name":"Movement","decl":{"start":{"line":160,"column":15},"end":{"line":160,"column":23}},"loc":{"start":{"line":160,"column":34},"end":{"line":193,"column":1}},"line":160},"7":{"name":"MovementByTimestamp","decl":{"start":{"line":195,"column":15},"end":{"line":195,"column":34}},"loc":{"start":{"line":195,"column":45},"end":{"line":228,"column":1}},"line":195},"8":{"name":"Enterprise","decl":{"start":{"line":230,"column":15},"end":{"line":230,"column":25}},"loc":{"start":{"line":230,"column":37},"end":{"line":266,"column":1}},"line":230},"9":{"name":"(anonymous_9)","decl":{"start":{"line":238,"column":32},"end":{"line":238,"column":33}},"loc":{"start":{"line":238,"column":51},"end":{"line":249,"column":17}},"line":238},"10":{"name":"Factory","decl":{"start":{"line":268,"column":9},"end":{"line":268,"column":16}},"loc":{"start":{"line":268,"column":19},"end":{"line":299,"column":1}},"line":268},"11":{"name":"(anonymous_11)","decl":{"start":{"line":269,"column":18},"end":{"line":269,"column":19}},"loc":{"start":{"line":269,"column":40},"end":{"line":298,"column":5}},"line":269}},"branchMap":{"0":{"loc":{"start":{"line":11,"column":8},"end":{"line":24,"column":9}},"type":"if","locations":[{"start":{"line":11,"column":8},"end":{"line":24,"column":9}},{"start":{"line":11,"column":8},"end":{"line":24,"column":9}}],"line":11},"1":{"loc":{"start":{"line":14,"column":12},"end":{"line":16,"column":13}},"type":"if","locations":[{"start":{"line":14,"column":12},"end":{"line":16,"column":13}},{"start":{"line":14,"column":12},"end":{"line":16,"column":13}}],"line":14},"2":{"loc":{"start":{"line":20,"column":12},"end":{"line":23,"column":13}},"type":"if","locations":[{"start":{"line":20,"column":12},"end":{"line":23,"column":13}},{"start":{"line":20,"column":12},"end":{"line":23,"column":13}}],"line":20},"3":{"loc":{"start":{"line":36,"column":8},"end":{"line":60,"column":9}},"type":"if","locations":[{"start":{"line":36,"column":8},"end":{"line":60,"column":9}},{"start":{"line":36,"column":8},"end":{"line":60,"column":9}}],"line":36},"4":{"loc":{"start":{"line":38,"column":12},"end":{"line":51,"column":13}},"type":"if","locations":[{"start":{"line":38,"column":12},"end":{"line":51,"column":13}},{"start":{"line":38,"column":12},"end":{"line":51,"column":13}}],"line":38},"5":{"loc":{"start":{"line":47,"column":20},"end":{"line":49,"column":21}},"type":"if","locations":[{"start":{"line":47,"column":20},"end":{"line":49,"column":21}},{"start":{"line":47,"column":20},"end":{"line":49,"column":21}}],"line":47},"6":{"loc":{"start":{"line":55,"column":12},"end":{"line":58,"column":13}},"type":"if","locations":[{"start":{"line":55,"column":12},"end":{"line":58,"column":13}},{"start":{"line":55,"column":12},"end":{"line":58,"column":13}}],"line":55},"7":{"loc":{"start":{"line":74,"column":8},"end":{"line":97,"column":9}},"type":"if","locations":[{"start":{"line":74,"column":8},"end":{"line":97,"column":9}},{"start":{"line":74,"column":8},"end":{"line":97,"column":9}}],"line":74},"8":{"loc":{"start":{"line":75,"column":12},"end":{"line":96,"column":13}},"type":"if","locations":[{"start":{"line":75,"column":12},"end":{"line":96,"column":13}},{"start":{"line":75,"column":12},"end":{"line":96,"column":13}}],"line":75},"9":{"loc":{"start":{"line":79,"column":16},"end":{"line":81,"column":17}},"type":"if","locations":[{"start":{"line":79,"column":16},"end":{"line":81,"column":17}},{"start":{"line":79,"column":16},"end":{"line":81,"column":17}}],"line":79},"10":{"loc":{"start":{"line":79,"column":20},"end":{"line":79,"column":79}},"type":"binary-expr","locations":[{"start":{"line":79,"column":20},"end":{"line":79,"column":46}},{"start":{"line":79,"column":50},"end":{"line":79,"column":79}}],"line":79},"11":{"loc":{"start":{"line":83,"column":16},"end":{"line":93,"column":17}},"type":"if","locations":[{"start":{"line":83,"column":16},"end":{"line":93,"column":17}},{"start":{"line":83,"column":16},"end":{"line":93,"column":17}}],"line":83},"12":{"loc":{"start":{"line":87,"column":20},"end":{"line":90,"column":21}},"type":"if","locations":[{"start":{"line":87,"column":20},"end":{"line":90,"column":21}},{"start":{"line":87,"column":20},"end":{"line":90,"column":21}}],"line":87},"13":{"loc":{"start":{"line":109,"column":8},"end":{"line":124,"column":9}},"type":"if","locations":[{"start":{"line":109,"column":8},"end":{"line":124,"column":9}},{"start":{"line":109,"column":8},"end":{"line":124,"column":9}}],"line":109},"14":{"loc":{"start":{"line":112,"column":12},"end":{"line":114,"column":13}},"type":"if","locations":[{"start":{"line":112,"column":12},"end":{"line":114,"column":13}},{"start":{"line":112,"column":12},"end":{"line":114,"column":13}}],"line":112},"15":{"loc":{"start":{"line":119,"column":12},"end":{"line":122,"column":13}},"type":"if","locations":[{"start":{"line":119,"column":12},"end":{"line":122,"column":13}},{"start":{"line":119,"column":12},"end":{"line":122,"column":13}}],"line":119},"16":{"loc":{"start":{"line":137,"column":8},"end":{"line":153,"column":9}},"type":"if","locations":[{"start":{"line":137,"column":8},"end":{"line":153,"column":9}},{"start":{"line":137,"column":8},"end":{"line":153,"column":9}}],"line":137},"17":{"loc":{"start":{"line":140,"column":12},"end":{"line":142,"column":13}},"type":"if","locations":[{"start":{"line":140,"column":12},"end":{"line":142,"column":13}},{"start":{"line":140,"column":12},"end":{"line":142,"column":13}}],"line":140},"18":{"loc":{"start":{"line":148,"column":12},"end":{"line":151,"column":13}},"type":"if","locations":[{"start":{"line":148,"column":12},"end":{"line":151,"column":13}},{"start":{"line":148,"column":12},"end":{"line":151,"column":13}}],"line":148},"19":{"loc":{"start":{"line":167,"column":8},"end":{"line":188,"column":9}},"type":"if","locations":[{"start":{"line":167,"column":8},"end":{"line":188,"column":9}},{"start":{"line":167,"column":8},"end":{"line":188,"column":9}}],"line":167},"20":{"loc":{"start":{"line":168,"column":12},"end":{"line":187,"column":13}},"type":"if","locations":[{"start":{"line":168,"column":12},"end":{"line":187,"column":13}},{"start":{"line":168,"column":12},"end":{"line":187,"column":13}}],"line":168},"21":{"loc":{"start":{"line":175,"column":16},"end":{"line":183,"column":17}},"type":"if","locations":[{"start":{"line":175,"column":16},"end":{"line":183,"column":17}},{"start":{"line":175,"column":16},"end":{"line":183,"column":17}}],"line":175},"22":{"loc":{"start":{"line":179,"column":20},"end":{"line":182,"column":21}},"type":"if","locations":[{"start":{"line":179,"column":20},"end":{"line":182,"column":21}},{"start":{"line":179,"column":20},"end":{"line":182,"column":21}}],"line":179},"23":{"loc":{"start":{"line":202,"column":8},"end":{"line":223,"column":9}},"type":"if","locations":[{"start":{"line":202,"column":8},"end":{"line":223,"column":9}},{"start":{"line":202,"column":8},"end":{"line":223,"column":9}}],"line":202},"24":{"loc":{"start":{"line":203,"column":12},"end":{"line":222,"column":13}},"type":"if","locations":[{"start":{"line":203,"column":12},"end":{"line":222,"column":13}},{"start":{"line":203,"column":12},"end":{"line":222,"column":13}}],"line":203},"25":{"loc":{"start":{"line":210,"column":16},"end":{"line":218,"column":17}},"type":"if","locations":[{"start":{"line":210,"column":16},"end":{"line":218,"column":17}},{"start":{"line":210,"column":16},"end":{"line":218,"column":17}}],"line":210},"26":{"loc":{"start":{"line":214,"column":20},"end":{"line":217,"column":21}},"type":"if","locations":[{"start":{"line":214,"column":20},"end":{"line":217,"column":21}},{"start":{"line":214,"column":20},"end":{"line":217,"column":21}}],"line":214},"27":{"loc":{"start":{"line":235,"column":8},"end":{"line":261,"column":9}},"type":"if","locations":[{"start":{"line":235,"column":8},"end":{"line":261,"column":9}},{"start":{"line":235,"column":8},"end":{"line":261,"column":9}}],"line":235},"28":{"loc":{"start":{"line":237,"column":12},"end":{"line":250,"column":13}},"type":"if","locations":[{"start":{"line":237,"column":12},"end":{"line":250,"column":13}},{"start":{"line":237,"column":12},"end":{"line":250,"column":13}}],"line":237},"29":{"loc":{"start":{"line":246,"column":20},"end":{"line":248,"column":21}},"type":"if","locations":[{"start":{"line":246,"column":20},"end":{"line":248,"column":21}},{"start":{"line":246,"column":20},"end":{"line":248,"column":21}}],"line":246},"30":{"loc":{"start":{"line":256,"column":12},"end":{"line":259,"column":13}},"type":"if","locations":[{"start":{"line":256,"column":12},"end":{"line":259,"column":13}},{"start":{"line":256,"column":12},"end":{"line":259,"column":13}}],"line":256},"31":{"loc":{"start":{"line":270,"column":8},"end":{"line":297,"column":9}},"type":"switch","locations":[{"start":{"line":271,"column":12},"end":{"line":273,"column":22}},{"start":{"line":274,"column":12},"end":{"line":276,"column":22}},{"start":{"line":277,"column":12},"end":{"line":279,"column":22}},{"start":{"line":280,"column":12},"end":{"line":282,"column":22}},{"start":{"line":283,"column":12},"end":{"line":285,"column":22}},{"start":{"line":286,"column":12},"end":{"line":288,"column":22}},{"start":{"line":289,"column":12},"end":{"line":291,"column":22}},{"start":{"line":292,"column":12},"end":{"line":294,"column":22}},{"start":{"line":295,"column":12},"end":{"line":296,"column":83}}],"line":270}},"s":{"0":1,"1":1,"2":1,"3":1,"4":1,"5":0,"6":0,"7":0,"8":0,"9":0,"10":0,"11":0,"12":0,"13":0,"14":0,"15":0,"16":0,"17":0,"18":0,"19":0,"20":0,"21":0,"22":0,"23":0,"24":0,"25":0,"26":0,"27":0,"28":0,"29":0,"30":0,"31":0,"32":0,"33":0,"34":0,"35":0,"36":0,"37":0,"38":0,"39":0,"40":0,"41":0,"42":0,"43":0,"44":0,"45":0,"46":0,"47":0,"48":0,"49":0,"50":0,"51":0,"52":0,"53":0,"54":0,"55":0,"56":0,"57":0,"58":0,"59":0,"60":0,"61":0,"62":0,"63":0,"64":0,"65":0,"66":0,"67":0,"68":0,"69":0,"70":0,"71":0,"72":0,"73":0,"74":0,"75":0,"76":0,"77":0,"78":0,"79":0,"80":0,"81":0,"82":0,"83":0,"84":0,"85":0,"86":0,"87":0,"88":0,"89":0,"90":0,"91":0,"92":0,"93":0,"94":0,"95":0,"96":0,"97":0,"98":0,"99":0,"100":0,"101":0,"102":0,"103":0,"104":0,"105":0,"106":0,"107":0,"108":0,"109":0,"110":0,"111":0,"112":0,"113":0,"114":0,"115":0,"116":0,"117":0,"118":0,"119":0,"120":0,"121":0,"122":0,"123":0,"124":0,"125":0,"126":0,"127":0,"128":0,"129":0,"130":0,"131":0,"132":0,"133":0,"134":0,"135":0,"136":0,"137":0,"138":0,"139":0,"140":0,"141":0,"142":0,"143":0,"144":0,"145":0,"146":0,"147":0,"148":0,"149":0,"150":0,"151":0,"152":0,"153":0,"154":0,"155":0,"156":0,"157":0,"158":0,"159":0,"160":1,"161":0,"162":0,"163":0,"164":0,"165":0,"166":0,"167":0,"168":0,"169":0,"170":0,"171":0,"172":0,"173":0,"174":0,"175":0,"176":0,"177":0,"178":0,"179":0,"180":1},"f":{"0":0,"1":0,"2":0,"3":0,"4":0,"5":0,"6":0,"7":0,"8":0,"9":0,"10":1,"11":0},"b":{"0":[0,0],"1":[0,0],"2":[0,0],"3":[0,0],"4":[0,0],"5":[0,0],"6":[0,0],"7":[0,0],"8":[0,0],"9":[0,0],"10":[0,0],"11":[0,0],"12":[0,0],"13":[0,0],"14":[0,0],"15":[0,0],"16":[0,0],"17":[0,0],"18":[0,0],"19":[0,0],"20":[0,0],"21":[0,0],"22":[0,0],"23":[0,0],"24":[0,0],"25":[0,0],"26":[0,0],"27":[0,0],"28":[0,0],"29":[0,0],"30":[0,0],"31":[0,0,0,0,0,0,0,0,0]},"_coverageSchema":"1a1c01bbd47fc00a2c39e90264f33305004495a9","hash":"041b8917cc408c572736c38c300a4f92db2b90da"}
,"C:\\Users\\MIGUEL ALEJANDRO\\Desktop\\Entrega 5\\BackEnd\\src\\patterns\\factory_insertion.js": {"path":"C:\\Users\\MIGUEL ALEJANDRO\\Desktop\\Entrega 5\\BackEnd\\src\\patterns\\factory_insertion.js","statementMap":{"0":{"start":{"line":1,"column":16},"end":{"line":1,"column":41}},"1":{"start":{"line":2,"column":13},"end":{"line":2,"column":28}},"2":{"start":{"line":3,"column":15},"end":{"line":3,"column":38}},"3":{"start":{"line":4,"column":15},"end":{"line":4,"column":42}},"4":{"start":{"line":7,"column":4},"end":{"line":67,"column":5}},"5":{"start":{"line":8,"column":79},"end":{"line":8,"column":87}},"6":{"start":{"line":9,"column":25},"end":{"line":9,"column":63}},"7":{"start":{"line":11,"column":25},"end":{"line":11,"column":89}},"8":{"start":{"line":12,"column":25},"end":{"line":12,"column":89}},"9":{"start":{"line":14,"column":8},"end":{"line":63,"column":9}},"10":{"start":{"line":15,"column":12},"end":{"line":61,"column":13}},"11":{"start":{"line":16,"column":16},"end":{"line":59,"column":17}},"12":{"start":{"line":17,"column":20},"end":{"line":57,"column":21}},"13":{"start":{"line":18,"column":37},"end":{"line":18,"column":85}},"14":{"start":{"line":20,"column":24},"end":{"line":20,"column":37}},"15":{"start":{"line":21,"column":24},"end":{"line":21,"column":63}},"16":{"start":{"line":22,"column":24},"end":{"line":22,"column":69}},"17":{"start":{"line":23,"column":24},"end":{"line":32,"column":25}},"18":{"start":{"line":24,"column":51},"end":{"line":24,"column":113}},"19":{"start":{"line":25,"column":28},"end":{"line":31,"column":29}},"20":{"start":{"line":26,"column":32},"end":{"line":26,"column":47}},"21":{"start":{"line":27,"column":32},"end":{"line":27,"column":76}},"22":{"start":{"line":28,"column":32},"end":{"line":28,"column":81}},"23":{"start":{"line":30,"column":28},"end":{"line":30,"column":120}},"24":{"start":{"line":30,"column":121},"end":{"line":30,"column":132}},"25":{"start":{"line":34,"column":37},"end":{"line":40,"column":26}},"26":{"start":{"line":42,"column":39},"end":{"line":51,"column":26}},"27":{"start":{"line":52,"column":24},"end":{"line":52,"column":62}},"28":{"start":{"line":53,"column":24},"end":{"line":56,"column":27}},"29":{"start":{"line":58,"column":20},"end":{"line":58,"column":100}},"30":{"start":{"line":58,"column":101},"end":{"line":58,"column":112}},"31":{"start":{"line":60,"column":16},"end":{"line":60,"column":97}},"32":{"start":{"line":60,"column":98},"end":{"line":60,"column":109}},"33":{"start":{"line":62,"column":12},"end":{"line":62,"column":85}},"34":{"start":{"line":62,"column":86},"end":{"line":62,"column":97}},"35":{"start":{"line":64,"column":8},"end":{"line":64,"column":82}},"36":{"start":{"line":64,"column":83},"end":{"line":64,"column":94}},"37":{"start":{"line":66,"column":8},"end":{"line":66,"column":59}},"38":{"start":{"line":66,"column":60},"end":{"line":66,"column":71}},"39":{"start":{"line":71,"column":4},"end":{"line":85,"column":5}},"40":{"start":{"line":72,"column":82},"end":{"line":72,"column":90}},"41":{"start":{"line":73,"column":21},"end":{"line":79,"column":10}},"42":{"start":{"line":80,"column":8},"end":{"line":80,"column":46}},"43":{"start":{"line":81,"column":8},"end":{"line":81,"column":52}},"44":{"start":{"line":83,"column":8},"end":{"line":83,"column":59}},"45":{"start":{"line":84,"column":8},"end":{"line":84,"column":19}},"46":{"start":{"line":89,"column":4},"end":{"line":137,"column":5}},"47":{"start":{"line":90,"column":25},"end":{"line":90,"column":44}},"48":{"start":{"line":91,"column":49},"end":{"line":91,"column":57}},"49":{"start":{"line":92,"column":25},"end":{"line":92,"column":89}},"50":{"start":{"line":93,"column":25},"end":{"line":93,"column":92}},"51":{"start":{"line":95,"column":8},"end":{"line":133,"column":9}},"52":{"start":{"line":96,"column":12},"end":{"line":132,"column":13}},"53":{"start":{"line":97,"column":28},"end":{"line":97,"column":88}},"54":{"start":{"line":98,"column":16},"end":{"line":129,"column":17}},"55":{"start":{"line":100,"column":20},"end":{"line":100,"column":33}},"56":{"start":{"line":101,"column":20},"end":{"line":101,"column":59}},"57":{"start":{"line":102,"column":20},"end":{"line":102,"column":65}},"58":{"start":{"line":104,"column":20},"end":{"line":113,"column":21}},"59":{"start":{"line":105,"column":47},"end":{"line":105,"column":109}},"60":{"start":{"line":106,"column":24},"end":{"line":112,"column":25}},"61":{"start":{"line":107,"column":28},"end":{"line":107,"column":58}},"62":{"start":{"line":108,"column":28},"end":{"line":108,"column":72}},"63":{"start":{"line":109,"column":28},"end":{"line":109,"column":77}},"64":{"start":{"line":111,"column":24},"end":{"line":111,"column":116}},"65":{"start":{"line":111,"column":117},"end":{"line":111,"column":128}},"66":{"start":{"line":115,"column":35},"end":{"line":124,"column":22}},"67":{"start":{"line":125,"column":20},"end":{"line":125,"column":58}},"68":{"start":{"line":126,"column":20},"end":{"line":126,"column":68}},"69":{"start":{"line":128,"column":20},"end":{"line":128,"column":107}},"70":{"start":{"line":128,"column":108},"end":{"line":128,"column":119}},"71":{"start":{"line":131,"column":16},"end":{"line":131,"column":97}},"72":{"start":{"line":131,"column":98},"end":{"line":131,"column":109}},"73":{"start":{"line":134,"column":8},"end":{"line":134,"column":96}},"74":{"start":{"line":134,"column":97},"end":{"line":134,"column":108}},"75":{"start":{"line":136,"column":8},"end":{"line":136,"column":59}},"76":{"start":{"line":136,"column":60},"end":{"line":136,"column":71}},"77":{"start":{"line":141,"column":4},"end":{"line":158,"column":5}},"78":{"start":{"line":142,"column":61},"end":{"line":142,"column":69}},"79":{"start":{"line":143,"column":21},"end":{"line":143,"column":55}},"80":{"start":{"line":145,"column":8},"end":{"line":154,"column":9}},"81":{"start":{"line":146,"column":31},"end":{"line":151,"column":14}},"82":{"start":{"line":152,"column":12},"end":{"line":152,"column":50}},"83":{"start":{"line":153,"column":12},"end":{"line":153,"column":69}},"84":{"start":{"line":155,"column":8},"end":{"line":155,"column":89}},"85":{"start":{"line":155,"column":90},"end":{"line":155,"column":101}},"86":{"start":{"line":157,"column":8},"end":{"line":157,"column":59}},"87":{"start":{"line":157,"column":60},"end":{"line":157,"column":71}},"88":{"start":{"line":162,"column":4},"end":{"line":179,"column":5}},"89":{"start":{"line":163,"column":57},"end":{"line":163,"column":65}},"90":{"start":{"line":164,"column":22},"end":{"line":164,"column":57}},"91":{"start":{"line":165,"column":8},"end":{"line":175,"column":9}},"92":{"start":{"line":166,"column":29},"end":{"line":172,"column":14}},"93":{"start":{"line":173,"column":12},"end":{"line":173,"column":50}},"94":{"start":{"line":174,"column":12},"end":{"line":174,"column":64}},"95":{"start":{"line":176,"column":8},"end":{"line":176,"column":78}},"96":{"start":{"line":176,"column":79},"end":{"line":176,"column":90}},"97":{"start":{"line":178,"column":8},"end":{"line":178,"column":59}},"98":{"start":{"line":178,"column":60},"end":{"line":178,"column":71}},"99":{"start":{"line":183,"column":4},"end":{"line":275,"column":5}},"100":{"start":{"line":185,"column":34},"end":{"line":185,"column":44}},"101":{"start":{"line":187,"column":70},"end":{"line":187,"column":78}},"102":{"start":{"line":188,"column":33},"end":{"line":188,"column":98}},"103":{"start":{"line":189,"column":36},"end":{"line":189,"column":104}},"104":{"start":{"line":190,"column":27},"end":{"line":198,"column":10}},"105":{"start":{"line":199,"column":30},"end":{"line":207,"column":10}},"106":{"start":{"line":208,"column":29},"end":{"line":208,"column":99}},"107":{"start":{"line":212,"column":8},"end":{"line":270,"column":9}},"108":{"start":{"line":213,"column":12},"end":{"line":268,"column":13}},"109":{"start":{"line":214,"column":16},"end":{"line":266,"column":17}},"110":{"start":{"line":215,"column":20},"end":{"line":264,"column":21}},"111":{"start":{"line":216,"column":24},"end":{"line":262,"column":25}},"112":{"start":{"line":217,"column":28},"end":{"line":260,"column":29}},"113":{"start":{"line":218,"column":32},"end":{"line":258,"column":33}},"114":{"start":{"line":219,"column":36},"end":{"line":256,"column":37}},"115":{"start":{"line":221,"column":52},"end":{"line":221,"column":114}},"116":{"start":{"line":222,"column":40},"end":{"line":254,"column":41}},"117":{"start":{"line":223,"column":69},"end":{"line":223,"column":108}},"118":{"start":{"line":224,"column":44},"end":{"line":252,"column":45}},"119":{"start":{"line":226,"column":65},"end":{"line":230,"column":50}},"120":{"start":{"line":231,"column":76},"end":{"line":231,"column":118}},"121":{"start":{"line":232,"column":65},"end":{"line":236,"column":50}},"122":{"start":{"line":238,"column":48},"end":{"line":250,"column":49}},"123":{"start":{"line":240,"column":69},"end":{"line":247,"column":54}},"124":{"start":{"line":248,"column":52},"end":{"line":248,"column":90}},"125":{"start":{"line":249,"column":52},"end":{"line":249,"column":104}},"126":{"start":{"line":251,"column":48},"end":{"line":251,"column":123}},"127":{"start":{"line":251,"column":124},"end":{"line":251,"column":135}},"128":{"start":{"line":253,"column":44},"end":{"line":253,"column":137}},"129":{"start":{"line":253,"column":138},"end":{"line":253,"column":149}},"130":{"start":{"line":255,"column":40},"end":{"line":255,"column":128}},"131":{"start":{"line":255,"column":129},"end":{"line":255,"column":140}},"132":{"start":{"line":257,"column":36},"end":{"line":257,"column":103}},"133":{"start":{"line":257,"column":104},"end":{"line":257,"column":115}},"134":{"start":{"line":259,"column":32},"end":{"line":259,"column":104}},"135":{"start":{"line":259,"column":105},"end":{"line":259,"column":116}},"136":{"start":{"line":261,"column":28},"end":{"line":261,"column":97}},"137":{"start":{"line":261,"column":98},"end":{"line":261,"column":109}},"138":{"start":{"line":263,"column":24},"end":{"line":263,"column":114}},"139":{"start":{"line":263,"column":115},"end":{"line":263,"column":126}},"140":{"start":{"line":265,"colu
[...]
line":254,"column":58}},"162":{"start":{"line":254,"column":59},"end":{"line":254,"column":70}},"163":{"start":{"line":259,"column":4},"end":{"line":288,"column":5}},"164":{"start":{"line":260,"column":8},"end":{"line":287,"column":9}},"165":{"start":{"line":262,"column":16},"end":{"line":262,"column":31}},"166":{"start":{"line":263,"column":16},"end":{"line":263,"column":22}},"167":{"start":{"line":265,"column":16},"end":{"line":265,"column":31}},"168":{"start":{"line":266,"column":16},"end":{"line":266,"column":22}},"169":{"start":{"line":268,"column":16},"end":{"line":268,"column":33}},"170":{"start":{"line":269,"column":16},"end":{"line":269,"column":22}},"171":{"start":{"line":271,"column":16},"end":{"line":271,"column":38}},"172":{"start":{"line":272,"column":16},"end":{"line":272,"column":22}},"173":{"start":{"line":274,"column":16},"end":{"line":274,"column":37}},"174":{"start":{"line":275,"column":16},"end":{"line":275,"column":22}},"175":{"start":{"line":277,"column":16},"end":{"line":277,"column":35}},"176":{"start":{"line":278,"column":16},"end":{"line":278,"column":22}},"177":{"start":{"line":283,"column":16},"end":{"line":283,"column":37}},"178":{"start":{"line":284,"column":16},"end":{"line":284,"column":22}},"179":{"start":{"line":286,"column":16},"end":{"line":286,"column":71}},"180":{"start":{"line":286,"column":72},"end":{"line":286,"column":83}},"181":{"start":{"line":291,"column":0},"end":{"line":293,"column":1}}},"fnMap":{"0":{"name":"User","decl":{"start":{"line":6,"column":15},"end":{"line":6,"column":19}},"loc":{"start":{"line":6,"column":30},"end":{"line":34,"column":1}},"line":6},"1":{"name":"Bank","decl":{"start":{"line":36,"column":15},"end":{"line":36,"column":19}},"loc":{"start":{"line":36,"column":30},"end":{"line":62,"column":1}},"line":36},"2":{"name":"Wallet","decl":{"start":{"line":64,"column":15},"end":{"line":64,"column":21}},"loc":{"start":{"line":64,"column":32},"end":{"line":97,"column":1}},"line":64},"3":{"name":"WalletState","decl":{"start":{"line":99,"column":15},"end":{"line":99,"column":26}},"loc":{"start":{"line":99,"column":37},"end":{"line":159,"column":1}},"line":99},"4":{"name":"WalletType","decl":{"start":{"line":161,"column":15},"end":{"line":161,"column":25}},"loc":{"start":{"line":161,"column":36},"end":{"line":190,"column":1}},"line":161},"5":{"name":"Transfer","decl":{"start":{"line":192,"column":15},"end":{"line":192,"column":23}},"loc":{"start":{"line":192,"column":34},"end":{"line":218,"column":1}},"line":192},"6":{"name":"Enterprise","decl":{"start":{"line":220,"column":15},"end":{"line":220,"column":25}},"loc":{"start":{"line":220,"column":36},"end":{"line":256,"column":1}},"line":220},"7":{"name":"Factory","decl":{"start":{"line":258,"column":9},"end":{"line":258,"column":16}},"loc":{"start":{"line":258,"column":19},"end":{"line":289,"column":1}},"line":258},"8":{"name":"(anonymous_8)","decl":{"start":{"line":259,"column":18},"end":{"line":259,"column":19}},"loc":{"start":{"line":259,"column":40},"end":{"line":288,"column":5}},"line":259}},"branchMap":{"0":{"loc":{"start":{"line":13,"column":8},"end":{"line":29,"column":9}},"type":"if","locations":[{"start":{"line":13,"column":8},"end":{"line":29,"column":9}},{"start":{"line":13,"column":8},"end":{"line":29,"column":9}}],"line":13},"1":{"loc":{"start":{"line":23,"column":12},"end":{"line":27,"column":13}},"type":"if","locations":[{"start":{"line":23,"column":12},"end":{"line":27,"column":13}},{"start":{"line":23,"column":12},"end":{"line":27,"column":13}}],"line":23},"2":{"loc":{"start":{"line":42,"column":8},"end":{"line":57,"column":9}},"type":"if","locations":[{"start":{"line":42,"column":8},"end":{"line":57,"column":9}},{"start":{"line":42,"column":8},"end":{"line":57,"column":9}}],"line":42},"3":{"loc":{"start":{"line":51,"column":12},"end":{"line":55,"column":13}},"type":"if","locations":[{"start":{"line":51,"column":12},"end":{"line":55,"column":13}},{"start":{"line":51,"column":12},"end":{"line":55,"column":13}}],"line":51},"4":{"loc":{"start":{"line":71,"column":8},"end":{"line":75,"column":9}},"type":"if","locations":[{"start":{"line":71,"column":8},"end":{"line":75,"column":9}},{"start":{"line":71,"column":8},"end":{"line":75,"column":9}}],"line":71},"5":{"loc":{"start":{"line":73,"column":15},"end":{"line":75,"column":9}},"type":"if","locations":[{"start":{"line":73,"column":15},"end":{"line":75,"column":9}},{"start":{"line":73,"column":15},"end":{"line":75,"column":9}}],"line":73},"6":{"loc":{"start":{"line":87,"column":8},"end":{"line":92,"column":9}},"type":"if","locations":[{"start":{"line":87,"column":8},"end":{"line":92,"column":9}},{"start":{"line":87,"column":8},"end":{"line":92,"column":9}}],"line":87},"7":{"loc":{"start":{"line":90,"column":15},"end":{"line":92,"column":9}},"type":"if","locations":[{"start":{"line":90,"column":15},"end":{"line":92,"column":9}},{"start":{"line":90,"column":15},"end":{"line":92,"column":9}}],"line":90},"8":{"loc":{"start":{"line":106,"column":8},"end":{"line":127,"column":9}},"type":"if","locations":[{"start":{"line":106,"column":8},"end":{"line":127,"column":9}},{"start":{"line":106,"column":8},"end":{"line":127,"column":9}}],"line":106},"9":{"loc":{"start":{"line":107,"column":12},"end":{"line":124,"column":13}},"type":"if","locations":[{"start":{"line":107,"column":12},"end":{"line":124,"column":13}},{"start":{"line":107,"column":12},"end":{"line":124,"column":13}}],"line":107},"10":{"loc":{"start":{"line":109,"column":16},"end":{"line":114,"column":17}},"type":"if","locations":[{"start":{"line":109,"column":16},"end":{"line":114,"column":17}},{"start":{"line":109,"column":16},"end":{"line":114,"column":17}}],"line":109},"11":{"loc":{"start":{"line":115,"column":16},"end":{"line":121,"column":17}},"type":"if","locations":[{"start":{"line":115,"column":16},"end":{"line":121,"column":17}},{"start":{"line":115,"column":16},"end":{"line":121,"column":17}}],"line":115},"12":{"loc":{"start":{"line":116,"column":20},"end":{"line":118,"column":21}},"type":"if","locations":[{"start":{"line":116,"column":20},"end":{"line":118,"column":21}},{"start":{"line":116,"column":20},"end":{"line":118,"column":21}}],"line":116},"13":{"loc":{"start":{"line":131,"column":8},"end":{"line":139,"column":9}},"type":"if","locations":[{"start":{"line":131,"column":8},"end":{"line":139,"column":9}},{"start":{"line":131,"column":8},"end":{"line":139,"column":9}}],"line":131},"14":{"loc":{"start":{"line":133,"column":12},"end":{"line":138,"column":13}},"type":"if","locations":[{"start":{"line":133,"column":12},"end":{"line":138,"column":13}},{"start":{"line":133,"column":12},"end":{"line":138,"column":13}}],"line":133},"15":{"loc":{"start":{"line":149,"column":8},"end":{"line":154,"column":9}},"type":"if","locations":[{"start":{"line":149,"column":8},"end":{"line":154,"column":9}},{"start":{"line":149,"column":8},"end":{"line":154,"column":9}}],"line":149},"16":{"loc":{"start":{"line":152,"column":15},"end":{"line":154,"column":9}},"type":"if","locations":[{"start":{"line":152,"column":15},"end":{"line":154,"column":9}},{"start":{"line":152,"column":15},"end":{"line":154,"column":9}}],"line":152},"17":{"loc":{"start":{"line":166,"column":8},"end":{"line":185,"column":9}},"type":"if","locations":[{"start":{"line":166,"column":8},"end":{"line":185,"column":9}},{"start":{"line":166,"column":8},"end":{"line":185,"column":9}}],"line":166},"18":{"loc":{"start":{"line":168,"column":12},"end":{"line":183,"column":13}},"type":"if","locations":[{"start":{"line":168,"column":12},"end":{"line":183,"column":13}},{"start":{"line":168,"column":12},"end":{"line":183,"column":13}}],"line":168},"19":{"loc":{"start":{"line":177,"column":16},"end":{"line":181,"column":17}},"type":"if","locations":[{"start":{"line":177,"column":16},"end":{"line":181,"column":17}},{"start":{"line":177,"column":16},"end":{"line":181,"column":17}}],"line":177},"20":{"loc":{"start":{"line":198,"column":8},"end":{"line":213,"column":9}},"type":"if","locations":[{"start":{"line":198,"column":8},"end":{"line":213,"column":9}},{"start":{"line":198,"column":8},"end":{"line":213,"column":9}}],"line":198},"21":{"loc":{"start":{"line":207,"column":12},"end":{"line":211,"column":13}},"type":"if","locations":[{"start":{"line":207,"column":12},"end":{"line":211,"column":13}},{"start":{"line":207,"column":12},"end":{"line":211,"column":13}}],"line":207},"22":{"loc":{"start":{"line":225,"column":8},"end":{"line":251,"column":9}},"type":"if","locations":[{"start":{"line":225,"column":8},"end":{"line":251,"column":9}},{"start":{"line":225,"column":8},"end":{"line":251,"column":9}}],"line":225},"23":{"loc":{"start":{"line":227,"column":12},"end":{"line":249,"column":13}},"type":"if","locations":[{"start":{"line":227,"column":12},"end":{"line":249,"column":13}},{"start":{"line":227,"column":12},"end":{"line":249,"column":13}}],"line":227},"24":{"loc":{"start":{"line":229,"column":16},"end":{"line":247,"column":17}},"type":"if","locations":[{"start":{"line":229,"column":16},"end":{"line":247,"column":17}},{"start":{"line":229,"column":16},"end":{"line":247,"column":17}}],"line":229},"25":{"loc":{"start":{"line":241,"column":20},"end":{"line":245,"column":21}},"type":"if","locations":[{"start":{"line":241,"column":20},"end":{"line":245,"column":21}},{"start":{"line":241,"column":20},"end":{"line":245,"column":21}}],"line":241},"26":{"loc":{"start":{"line":260,"column":8},"end":{"line":287,"column":9}},"type":"switch","locations":[{"start":{"line":261,"column":12},"end":{"line":263,"column":22}},{"start":{"line":264,"column":12},"end":{"line":266,"column":22}},{"start":{"line":267,"column":12},"end":{"line":269,"column":22}},{"start":{"line":270,"column":12},"end":{"line":272,"column":22}},{"start":{"line":273,"column":12},"end":{"line":275,"column":22}},{"start":{"line":276,"column":12},"end":{"line":278,"column":22}},{"start":{"line":282,"column":12},"end":{"line":284,"column":22}},{"start":{"line":285,"column":12},"end":{"line":286,"column":83}}],"line":260}},"s":{"0":1,"1":1,"2":1,"3":1,"4":0,"5":0,"6":0,"7":0,"8":0,"9":0,"10":0,"11":0,"12":0,"13":0,"14":0,"15":0,"16":0,"17":0,"18":0,"19":0,"20":0,"21":0,"22":0,"23":0,"24":0,"25":0,"26":0,"27":0,"28":0,"29":0,"30":0,"31":0,"32":0,"33":0,"34":0,"35":0,"36":0,"37":0,"38":0,"39":0,"40":0,"41":0,"42":0,"43":0,"44":0,"45":0,"46":0,"47":0,"48":0,"49":0,"50":0,"51":0,"52":0,"53":0,"54":0,"55":0,"56":0,"57":0,"58":0,"59":0,"60":0,"61":0,"62":0,"63":0,"64":0,"65":0,"66":0,"67":0,"68":0,"69":0,"70":0,"71":0,"72":0,"73":0,"74":0,"75":0,"76":0,"77":0,"78":0,"79":0,"80":0,"81":0,"82":0,"83":0,"84":0,"85":0,"86":0,"87":0,"88":0,"89":0,"90":0,"91":0,"92":0,"93":0,"94":0,"95":0,"96":0,"97":0,"98":0,"99":0,"100":0,"101":0,"102":0,"103":0,"104":0,"105":0,"106":0,"107":0,"108":0,"109":0,"110":0,"111":0,"112":0,"113":0,"114":0,"115":0,"116":0,"117":0,"118":0,"119":0,"120":0,"121":0,"122":0,"123":0,"124":0,"125":0,"126":0,"127":0,"128":0,"129":0,"130":0,"131":0,"132":0,"133":0,"134":0,"135":0,"136":0,"137":0,"138":0,"139":0,"140":0,"141":0,"142":0,"143":0,"144":0,"145":0,"146":0,"147":0,"148":0,"149":0,"150":0,"151":0,"152":0,"153":0,"154":0,"155":0,"156":0,"157":0,"158":0,"159":0,"160":0,"161":0,"162":0,"163":1,"164":0,"165":0,"166":0,"167":0,"168":0,"169":0,"170":0,"171":0,"172":0,"173":0,"174":0,"175":0,"176":0,"177":0,"178":0,"179":0,"180":0,"181":1},"f":{"0":0,"1":0,"2":0,"3":0,"4":0,"5":0,"6":0,"7":1,"8":0},"b":{"0":[0,0],"1":[0,0],"2":[0,0],"3":[0,0],"4":[0,0],"5":[0,0],"6":[0,0],"7":[0,0],"8":[0,0],"9":[0,0],"10":[0,0],"11":[0,0],"12":[0,0],"13":[0,0],"14":[0,0],"15":[0,0],"16":[0,0],"17":[0,0],"18":[0,0],"19":[0,0],"20":[0,0],"21":[0,0],"22":[0,0],"23":[0,0],"24":[0,0],"25":[0,0],"26":[0,0,0,0,0,0,0,0]},"_coverageSchema":"1a1c01bbd47fc00a2c39e90264f33305004495a9","hash":"926a2c393c8d0ce13755040d21c790f528769304"}
,"C:\\Users\\MIGUEL ALEJANDRO\\Desktop\\Entrega 5\\BackEnd\\src\\routes\\bank.js": {"path":"C:\\Users\\MIGUEL ALEJANDRO\\Desktop\\Entrega 5\\BackEnd\\src\\routes\\bank.js","statementMap":{"0":{"start":{"line":1,"column":16},"end":{"line":1,"column":34}},"1":{"start":{"line":2,"column":15},"end":{"line":2,"column":31}},"2":{"start":{"line":3,"column":23},"end":{"line":3,"column":53}},"3":{"start":{"line":4,"column":16},"end":{"line":4,"column":41}},"4":{"start":{"line":7,"column":0},"end":{"line":7,"column":41}},"5":{"start":{"line":10,"column":0},"end":{"line":10,"column":50}},"6":{"start":{"line":12,"column":0},"end":{"line":12,"column":51}},"7":{"start":{"line":14,"column":0},"end":{"line":14,"column":56}},"8":{"start":{"line":16,"column":0},"end":{"line":16,"column":61}},"9":{"start":{"line":20,"column":0},"end":{"line":20,"column":24}}},"fnMap":{},"branchMap":{},"s":{"0":1,"1":1,"2":1,"3":1,"4":1,"5":1,"6":1,"7":1,"8":1,"9":1},"f":{},"b":{},"_coverageSchema":"1a1c01bbd47fc00a2c39e90264f33305004495a9","hash":"8442a9fd2ee17d6f5238a3f22987934631f67afb"}
,"C:\\Users\\MIGUEL ALEJANDRO\\Desktop\\Entrega 5\\BackEnd\\src\\routes\\enterprise.js": {"path":"C:\\Users\\MIGUEL ALEJANDRO\\Desktop\\Entrega 5\\BackEnd\\src\\routes\\enterprise.js","statementMap":{"0":{"start":{"line":1,"column":16},"end":{"line":1,"column":34}},"1":{"start":{"line":2,"column":15},"end":{"line":2,"column":31}},"2":{"start":{"line":3,"column":29},"end":{"line":3,"column":65}},"3":{"start":{"line":4,"column":16},"end":{"line":4,"column":41}},"4":{"start":{"line":7,"column":0},"end":{"line":7,"column":41}},"5":{"start":{"line":10,"column":0},"end":{"line":10,"column":62}},"6":{"start":{"line":12,"column":0},"end":{"line":12,"column":63}},"7":{"start":{"line":14,"column":0},"end":{"line":14,"column":63}},"8":{"start":{"line":16,"column":0},"end":{"line":16,"column":76}},"9":{"start":{"line":18,"column":0},"end":{"line":18,"column":81}},"10":{"start":{"line":20,"column":0},"end":{"line":20,"column":67}},"11":{"start":{"line":22,"column":0},"end":{"line":22,"column":72}},"12":{"start":{"line":25,"column":0},"end":{"line":25,"column":24}}},"fnMap":{},"branchMap":{},"s":{"0":1,"1":1,"2":1,"3":1,"4":1,"5":1,"6":1,"7":1,"8":1,"9":1,"10":1,"11":1,"12":1},"f":{},"b":{},"_coverageSchema":"1a1c01bbd47fc00a2c39e90264f33305004495a9","hash":"864a7113ca826cf455c0e7606dc5c7a9e4cf5c7f"}
,"C:\\Users\\MIGUEL ALEJANDRO\\Desktop\\Entrega 5\\BackEnd\\src\\routes\\movement.js": {"path":"C:\\Users\\MIGUEL ALEJANDRO\\Desktop\\Entrega 5\\BackEnd\\src\\routes\\movement.js","statementMap":{"0":{"start":{"line":1,"column":16},"end":{"line":1,"column":34}},"1":{"start":{"line":2,"column":15},"end":{"line":2,"column":31}},"2":{"start":{"line":3,"column":27},"end":{"line":3,"column":61}},"3":{"start":{"line":4,"column":16},"end":{"line":4,"column":41}},"4":{"start":{"line":7,"column":0},"end":{"line":7,"column":41}},"5":{"start":{"line":10,"column":0},"end":{"line":10,"column":66}},"6":{"start":{"line":12,"column":0},"end":{"line":12,"column":80}},"7":{"start":{"line":14,"column":0},"end":{"line":14,"column":61}},"8":{"start":{"line":16,"column":0},"end":{"line":16,"column":81}},"9":{"start":{"line":18,"column":0},"end":{"line":18,"column":85}},"10":{"start":{"line":20,"column":0},"end":{"line":20,"column":24}}},"fnMap":{},"branchMap":{},"s":{"0":1,"1":1,"2":1,"3":1,"4":1,"5":1,"6":1,"7":1,"8":1,"9":1,"10":1},"f":{},"b":{},"_coverageSchema":"1a1c01bbd47fc00a2c39e90264f33305004495a9","hash":"741bf967f85d321ce83b23906c9f7bd60fcb90a1"}
,"C:\\Users\\MIGUEL ALEJANDRO\\Desktop\\Entrega 5\\BackEnd\\src\\routes\\transfer.js": {"path":"C:\\Users\\MIGUEL ALEJANDRO\\Desktop\\Entrega 5\\BackEnd\\src\\routes\\transfer.js","statementMap":{"0":{"start":{"line":1,"column":16},"end":{"line":1,"column":34}},"1":{"start":{"line":2,"column":15},"end":{"line":2,"column":31}},"2":{"start":{"line":3,"column":27},"end":{"line":3,"column":61}},"3":{"start":{"line":4,"column":16},"end":{"line":4,"column":41}},"4":{"start":{"line":7,"column":0},"end":{"line":7,"column":41}},"5":{"start":{"line":10,"column":0},"end":{"line":10,"column":58}},"6":{"start":{"line":12,"column":0},"end":{"line":12,"column":60}},"7":{"start":{"line":14,"column":0},"end":{"line":14,"column":63}},"8":{"start":{"line":16,"column":0},"end":{"line":16,"column":68}},"9":{"start":{"line":18,"column":0},"end":{"line":18,"column":24}}},"fnMap":{},"branchMap":{},"s":{"0":1,"1":1,"2":1,"3":1,"4":1,"5":1,"6":1,"7":1,"8":1,"9":1},"f":{},"b":{},"_coverageSchema":"1a1c01bbd47fc00a2c39e90264f33305004495a9","hash":"db2ec5e08780b8db542ba4acd438de2baa237200"}
,"C:\\Users\\MIGUEL ALEJANDRO\\Desktop\\Entrega 5\\BackEnd\\src\\routes\\user.js": {"path":"C:\\Users\\MIGUEL ALEJANDRO\\Desktop\\Entrega 5\\BackEnd\\src\\routes\\user.js","statementMap":{"0":{"start":{"line":1,"column":16},"end":{"line":1,"column":34}},"1":{"start":{"line":2,"column":15},"end":{"line":2,"column":31}},"2":{"start":{"line":3,"column":23},"end":{"line":3,"column":53}},"3":{"start":{"line":4,"column":16},"end":{"line":4,"column":41}},"4":{"start":{"line":7,"column":0},"end":{"line":7,"column":50}},"5":{"start":{"line":9,"column":0},"end":{"line":9,"column":50}},"6":{"start":{"line":12,"column":0},"end":{"line":12,"column":41}},"7":{"start":{"line":15,"column":0},"end":{"line":15,"column":52}},"8":{"start":{"line":17,"column":0},"end":{"line":17,"column":64}},"9":{"start":{"line":19,"column":0},"end":{"line":19,"column":62}},"10":{"start":{"line":21,"column":0},"end":{"line":21,"column":56}},"11":{"start":{"line":23,"column":0},"end":{"line":23,"column":24}}},"fnMap":{},"branchMap":{},"s":{"0":1,"1":1,"2":1,"3":1,"4":1,"5":1,"6":1,"7":1,"8":1,"9":1,"10":1,"11":1},"f":{},"b":{},"_coverageSchema":"1a1c01bbd47fc00a2c39e90264f33305004495a9","hash":"5c7993bb751ef74e7db6ff09fc5796b77b928578"}
,"C:\\Users\\MIGUEL ALEJANDRO\\Desktop\\Entrega 5\\BackEnd\\src\\routes\\wallet.js": {"path":"C:\\Users\\MIGUEL ALEJANDRO\\Desktop\\Entrega 5\\BackEnd\\src\\routes\\wallet.js","statementMap":{"0":{"start":{"line":1,"column":16},"end":{"line":1,"column":34}},"1":{"start":{"line":2,"column":15},"end":{"line":2,"column":31}},"2":{"start":{"line":3,"column":25},"end":{"line":3,"column":57}},"3":{"start":{"line":4,"column":16},"end":{"line":4,"column":41}},"4":{"start":{"line":7,"column":0},"end":{"line":7,"column":41}},"5":{"start":{"line":10,"column":0},"end":{"line":10,"column":64}},"6":{"start":{"line":12,"column":0},"end":{"line":12,"column":56}},"7":{"start":{"line":14,"column":0},"end":{"line":14,"column":76}},"8":{"start":{"line":16,"column":0},"end":{"line":16,"column":59}},"9":{"start":{"line":18,"column":0},"end":{"line":18,"column":74}},"10":{"start":{"line":20,"column":0},"end":{"line":20,"column":74}},"11":{"start":{"line":23,"column":0},"end":{"line":23,"column":24}}},"fnMap":{},"branchMap":{},"s":{"0":1,"1":1,"2":1,"3":1,"4":1,"5":1,"6":1,"7":1,"8":1,"9":1,"10":1,"11":1},"f":{},"b":{},"_coverageSchema":"1a1c01bbd47fc00a2c39e90264f33305004495a9","hash":"4073973b1711d42596e013d4d0dc96a11adc66ce"}
,"C:\\Users\\MIGUEL ALEJANDRO\\Desktop\\Entrega 5\\BackEnd\\src\\routes\\wallettype.js": {"path":"C:\\Users\\MIGUEL ALEJANDRO\\Desktop\\Entrega 5\\BackEnd\\src\\routes\\wallettype.js","statementMap":{"0":{"start":{"line":1,"column":16},"end":{"line":1,"column":34}},"1":{"start":{"line":2,"column":15},"end":{"line":2,"column":31}},"2":{"start":{"line":3,"column":23},"end":{"line":3,"column":59}},"3":{"start":{"line":4,"column":16},"end":{"line":4,"column":41}},"4":{"start":{"line":7,"column":0},"end":{"line":7,"column":41}},"5":{"start":{"line":10,"column":0},"end":{"line":10,"column":56}},"6":{"start":{"line":12,"column":0},"end":{"line":12,"column":57}},"7":{"start":{"line":14,"column":0},"end":{"line":14,"column":61}},"8":{"start":{"line":16,"column":0},"end":{"line":16,"column":71}},"9":{"start":{"line":19,"column":0},"end":{"line":19,"column":24}}},"fnMap":{},"branchMap":{},"s":{"0":1,"1":1,"2":1,"3":1,"4":1,"5":1,"6":1,"7":1,"8":1,"9":1},"f":{},"b":{},"_coverageSchema":"1a1c01bbd47fc00a2c39e90264f33305004495a9","hash":"2693f73832e4035f58a01a74a7751f6e10593f81"}
}
